{"C:\\Users\\wilbe\\Downloads\\restaurant-simulator-1\\modulos\\activos.js": {"path":"C:\\Users\\wilbe\\Downloads\\restaurant-simulator-1\\modulos\\activos.js","statementMap":{"0":{"start":{"line":13,"column":28},"end":{"line":13,"column":30}},"1":{"start":{"line":18,"column":2},"end":{"line":18,"column":41}},"2":{"start":{"line":19,"column":2},"end":{"line":19,"column":25}},"3":{"start":{"line":22,"column":2},"end":{"line":22,"column":28}},"4":{"start":{"line":28,"column":19},"end":{"line":28,"column":46}},"5":{"start":{"line":29,"column":16},"end":{"line":29,"column":40}},"6":{"start":{"line":30,"column":18},"end":{"line":30,"column":44}},"7":{"start":{"line":31,"column":23},"end":{"line":31,"column":54}},"8":{"start":{"line":34,"column":25},"end":{"line":34,"column":90}},"9":{"start":{"line":34,"column":54},"end":{"line":34,"column":82}},"10":{"start":{"line":35,"column":2},"end":{"line":35,"column":69}},"11":{"start":{"line":37,"column":24},"end":{"line":37,"column":71}},"12":{"start":{"line":37,"column":47},"end":{"line":37,"column":63}},"13":{"start":{"line":38,"column":2},"end":{"line":38,"column":93}},"14":{"start":{"line":40,"column":31},"end":{"line":42,"column":10}},"15":{"start":{"line":41,"column":16},"end":{"line":41,"column":83}},"16":{"start":{"line":43,"column":2},"end":{"line":43,"column":82}},"17":{"start":{"line":45,"column":2},"end":{"line":45,"column":91}},"18":{"start":{"line":50,"column":16},"end":{"line":50,"column":40}},"19":{"start":{"line":51,"column":21},"end":{"line":51,"column":59}},"20":{"start":{"line":54,"column":2},"end":{"line":54,"column":27}},"21":{"start":{"line":57,"column":2},"end":{"line":68,"column":4}},"22":{"start":{"line":58,"column":25},"end":{"line":58,"column":54}},"23":{"start":{"line":59,"column":4},"end":{"line":59,"column":82}},"24":{"start":{"line":60,"column":4},"end":{"line":60,"column":41}},"25":{"start":{"line":62,"column":4},"end":{"line":65,"column":9}},"26":{"start":{"line":67,"column":4},"end":{"line":67,"column":40}},"27":{"start":{"line":73,"column":19},"end":{"line":73,"column":46}},"28":{"start":{"line":74,"column":25},"end":{"line":74,"column":66}},"29":{"start":{"line":77,"column":25},"end":{"line":79,"column":70}},"30":{"start":{"line":78,"column":25},"end":{"line":78,"column":53}},"31":{"start":{"line":79,"column":20},"end":{"line":79,"column":69}},"32":{"start":{"line":82,"column":2},"end":{"line":82,"column":31}},"33":{"start":{"line":85,"column":2},"end":{"line":99,"column":4}},"34":{"start":{"line":86,"column":27},"end":{"line":86,"column":56}},"35":{"start":{"line":87,"column":4},"end":{"line":87,"column":46}},"36":{"start":{"line":88,"column":4},"end":{"line":88,"column":49}},"37":{"start":{"line":90,"column":4},"end":{"line":96,"column":9}},"38":{"start":{"line":98,"column":4},"end":{"line":98,"column":46}},"39":{"start":{"line":104,"column":18},"end":{"line":104,"column":44}},"40":{"start":{"line":105,"column":27},"end":{"line":105,"column":68}},"41":{"start":{"line":108,"column":31},"end":{"line":110,"column":74}},"42":{"start":{"line":109,"column":24},"end":{"line":109,"column":91}},"43":{"start":{"line":110,"column":20},"end":{"line":110,"column":73}},"44":{"start":{"line":113,"column":2},"end":{"line":113,"column":33}},"45":{"start":{"line":116,"column":2},"end":{"line":138,"column":4}},"46":{"start":{"line":117,"column":26},"end":{"line":117,"column":55}},"47":{"start":{"line":118,"column":4},"end":{"line":118,"column":45}},"48":{"start":{"line":119,"column":4},"end":{"line":119,"column":46}},"49":{"start":{"line":122,"column":27},"end":{"line":122,"column":87}},"50":{"start":{"line":124,"column":4},"end":{"line":135,"column":9}},"51":{"start":{"line":130,"column":45},"end":{"line":130,"column":79}},"52":{"start":{"line":137,"column":4},"end":{"line":137,"column":47}},"53":{"start":{"line":143,"column":18},"end":{"line":143,"column":44}},"54":{"start":{"line":144,"column":32},"end":{"line":144,"column":72}},"55":{"start":{"line":147,"column":27},"end":{"line":147,"column":116}},"56":{"start":{"line":147,"column":50},"end":{"line":147,"column":103}},"57":{"start":{"line":150,"column":2},"end":{"line":150,"column":38}},"58":{"start":{"line":153,"column":2},"end":{"line":192,"column":4}},"59":{"start":{"line":154,"column":26},"end":{"line":154,"column":55}},"60":{"start":{"line":155,"column":4},"end":{"line":155,"column":42}},"61":{"start":{"line":156,"column":4},"end":{"line":156,"column":46}},"62":{"start":{"line":159,"column":22},"end":{"line":159,"column":24}},"63":{"start":{"line":160,"column":4},"end":{"line":173,"column":5}},"64":{"start":{"line":162,"column":8},"end":{"line":162,"column":38}},"65":{"start":{"line":163,"column":8},"end":{"line":163,"column":13}},"66":{"start":{"line":165,"column":8},"end":{"line":165,"column":40}},"67":{"start":{"line":166,"column":8},"end":{"line":166,"column":13}},"68":{"start":{"line":168,"column":8},"end":{"line":168,"column":36}},"69":{"start":{"line":169,"column":8},"end":{"line":169,"column":13}},"70":{"start":{"line":171,"column":8},"end":{"line":171,"column":40}},"71":{"start":{"line":172,"column":8},"end":{"line":172,"column":13}},"72":{"start":{"line":175,"column":4},"end":{"line":189,"column":9}},"73":{"start":{"line":191,"column":4},"end":{"line":191,"column":52}},"74":{"start":{"line":197,"column":18},"end":{"line":197,"column":44}},"75":{"start":{"line":198,"column":28},"end":{"line":198,"column":70}},"76":{"start":{"line":200,"column":2},"end":{"line":200,"column":32}},"77":{"start":{"line":200,"column":26},"end":{"line":200,"column":32}},"78":{"start":{"line":203,"column":27},"end":{"line":207,"column":74}},"79":{"start":{"line":205,"column":18},"end":{"line":205,"column":114}},"80":{"start":{"line":207,"column":20},"end":{"line":207,"column":73}},"81":{"start":{"line":210,"column":2},"end":{"line":210,"column":34}},"82":{"start":{"line":212,"column":2},"end":{"line":215,"column":3}},"83":{"start":{"line":213,"column":4},"end":{"line":213,"column":111}},"84":{"start":{"line":214,"column":4},"end":{"line":214,"column":10}},"85":{"start":{"line":218,"column":2},"end":{"line":248,"column":4}},"86":{"start":{"line":219,"column":26},"end":{"line":219,"column":55}},"87":{"start":{"line":220,"column":4},"end":{"line":220,"column":46}},"88":{"start":{"line":221,"column":4},"end":{"line":221,"column":46}},"89":{"start":{"line":224,"column":27},"end":{"line":224,"column":87}},"90":{"start":{"line":226,"column":4},"end":{"line":245,"column":9}},"91":{"start":{"line":238,"column":45},"end":{"line":238,"column":79}},"92":{"start":{"line":247,"column":4},"end":{"line":247,"column":48}},"93":{"start":{"line":251,"column":2},"end":{"line":259,"column":4}},"94":{"start":{"line":252,"column":4},"end":{"line":258,"column":6}},"95":{"start":{"line":253,"column":23},"end":{"line":253,"column":48}},"96":{"start":{"line":254,"column":6},"end":{"line":254,"column":51}},"97":{"start":{"line":255,"column":6},"end":{"line":255,"column":34}},"98":{"start":{"line":256,"column":6},"end":{"line":256,"column":34}},"99":{"start":{"line":257,"column":6},"end":{"line":257,"column":39}},"100":{"start":{"line":264,"column":2},"end":{"line":277,"column":3}},"101":{"start":{"line":266,"column":6},"end":{"line":266,"column":24}},"102":{"start":{"line":268,"column":6},"end":{"line":268,"column":25}},"103":{"start":{"line":270,"column":6},"end":{"line":270,"column":20}},"104":{"start":{"line":272,"column":6},"end":{"line":272,"column":24}},"105":{"start":{"line":274,"column":6},"end":{"line":274,"column":24}},"106":{"start":{"line":276,"column":6},"end":{"line":276,"column":19}},"107":{"start":{"line":283,"column":2},"end":{"line":286,"column":4}},"108":{"start":{"line":284,"column":4},"end":{"line":284,"column":28}},"109":{"start":{"line":285,"column":4},"end":{"line":285,"column":37}},"110":{"start":{"line":288,"column":2},"end":{"line":291,"column":4}},"111":{"start":{"line":289,"column":4},"end":{"line":289,"column":28}},"112":{"start":{"line":290,"column":4},"end":{"line":290,"column":37}},"113":{"start":{"line":294,"column":2},"end":{"line":297,"column":4}},"114":{"start":{"line":295,"column":4},"end":{"line":295,"column":21}},"115":{"start":{"line":296,"column":4},"end":{"line":296,"column":37}},"116":{"start":{"line":299,"column":2},"end":{"line":302,"column":4}},"117":{"start":{"line":300,"column":4},"end":{"line":300,"column":21}},"118":{"start":{"line":301,"column":4},"end":{"line":301,"column":37}},"119":{"start":{"line":305,"column":2},"end":{"line":310,"column":4}},"120":{"start":{"line":306,"column":4},"end":{"line":306,"column":29}},"121":{"start":{"line":307,"column":4},"end":{"line":307,"column":32}},"122":{"start":{"line":308,"column":4},"end":{"line":308,"column":32}},"123":{"start":{"line":309,"column":4},"end":{"line":309,"column":37}},"124":{"start":{"line":312,"column":2},"end":{"line":317,"column":4}},"125":{"start":{"line":313,"column":4},"end":{"line":313,"column":29}},"126":{"start":{"line":314,"column":4},"end":{"line":314,"column":32}},"127":{"start":{"line":315,"column":4},"end":{"line":315,"column":32}},"128":{"start":{"line":316,"column":4},"end":{"line":316,"column":37}},"129":{"start":{"line":320,"column":2},"end":{"line":323,"column":4}},"130":{"start":{"line":321,"column":4},"end":{"line":321,"column":32}},"131":{"start":{"line":322,"column":4},"end":{"line":322,"column":37}},"132":{"start":{"line":329,"column":2},"end":{"line":331,"column":3}},"133":{"start":{"line":330,"column":4},"end":{"line":330,"column":45}},"134":{"start":{"line":334,"column":2},"end":{"line":359,"column":3}},"135":{"start":{"line":339,"column":28},"end":{"line":339,"column":98}},"136":{"start":{"line":340,"column":6},"end":{"line":345,"column":7}},"137":{"start":{"line":341,"column":28},"end":{"line":341,"column":72}},"138":{"start":{"line":342,"column":8},"end":{"line":344,"column":9}},"139":{"start":{"line":343,"column":10},"end":{"line":343,"column":50}},"140":{"start":{"line":348,"column":6},"end":{"line":350,"column":7}},"141":{"start":{"line":349,"column":8},"end":{"line":349,"column":50}},"142":{"start":{"line":354,"column":6},"end":{"line":354,"column":47}},"143":{"start":{"line":357,"column":6},"end":{"line":357,"column":42}},"144":{"start":{"line":365,"column":32},"end":{"line":372,"column":10}},"145":{"start":{"line":366,"column":21},"end":{"line":366,"column":48}},"146":{"start":{"line":367,"column":27},"end":{"line":367,"column":85}},"147":{"start":{"line":367,"column":56},"end":{"line":367,"column":84}},"148":{"start":{"line":369,"column":4},"end":{"line":371,"column":5}},"149":{"start":{"line":370,"column":6},"end":{"line":370,"column":46}},"150":{"start":{"line":375,"column":35},"end":{"line":385,"column":10}},"151":{"start":{"line":376,"column":20},"end":{"line":376,"column":46}},"152":{"start":{"line":377,"column":26},"end":{"line":377,"column":106}},"153":{"start":{"line":377,"column":53},"end":{"line":377,"column":105}},"154":{"start":{"line":379,"column":4},"end":{"line":384,"column":5}},"155":{"start":{"line":381,"column":30},"end":{"line":381,"column":116}},"156":{"start":{"line":381,"column":59},"end":{"line":381,"column":112}},"157":{"start":{"line":383,"column":6},"end":{"line":383,"column":61}},"158":{"start":{"line":387,"column":2},"end":{"line":395,"column":3}},"159":{"start":{"line":389,"column":6},"end":{"line":389,"column":42}},"160":{"start":{"line":390,"column":6},"end":{"line":390,"column":45}},"161":{"start":{"line":393,"column":6},"end":{"line":393,"column":73}},"162":{"start":{"line":393,"column":58},"end":{"line":393,"column":72}},"163":{"start":{"line":412,"column":0},"end":{"line":422,"column":1}}},"fnMap":{"0":{"name":"inicializarDashboard","decl":{"start":{"line":16,"column":15},"end":{"line":16,"column":35}},"loc":{"start":{"line":16,"column":38},"end":{"line":23,"column":1}},"line":16},"1":{"name":"actualizarEstadisticasDashboard","decl":{"start":{"line":26,"column":15},"end":{"line":26,"column":46}},"loc":{"start":{"line":26,"column":49},"end":{"line":46,"column":1}},"line":26},"2":{"name":"(anonymous_2)","decl":{"start":{"line":34,"column":41},"end":{"line":34,"column":42}},"loc":{"start":{"line":34,"column":54},"end":{"line":34,"column":82}},"line":34},"3":{"name":"(anonymous_3)","decl":{"start":{"line":37,"column":37},"end":{"line":37,"column":38}},"loc":{"start":{"line":37,"column":47},"end":{"line":37,"column":63}},"line":37},"4":{"name":"(anonymous_4)","decl":{"start":{"line":41,"column":4},"end":{"line":41,"column":5}},"loc":{"start":{"line":41,"column":16},"end":{"line":41,"column":83}},"line":41},"5":{"name":"renderizarMesas","decl":{"start":{"line":49,"column":15},"end":{"line":49,"column":30}},"loc":{"start":{"line":49,"column":33},"end":{"line":69,"column":1}},"line":49},"6":{"name":"(anonymous_6)","decl":{"start":{"line":57,"column":16},"end":{"line":57,"column":17}},"loc":{"start":{"line":57,"column":26},"end":{"line":68,"column":3}},"line":57},"7":{"name":"renderizarColaClientes","decl":{"start":{"line":72,"column":15},"end":{"line":72,"column":37}},"loc":{"start":{"line":72,"column":40},"end":{"line":100,"column":1}},"line":72},"8":{"name":"(anonymous_8)","decl":{"start":{"line":78,"column":12},"end":{"line":78,"column":13}},"loc":{"start":{"line":78,"column":25},"end":{"line":78,"column":53}},"line":78},"9":{"name":"(anonymous_9)","decl":{"start":{"line":79,"column":10},"end":{"line":79,"column":11}},"loc":{"start":{"line":79,"column":20},"end":{"line":79,"column":69}},"line":79},"10":{"name":"(anonymous_10)","decl":{"start":{"line":85,"column":25},"end":{"line":85,"column":26}},"loc":{"start":{"line":85,"column":38},"end":{"line":99,"column":3}},"line":85},"11":{"name":"renderizarPedidosCocina","decl":{"start":{"line":103,"column":15},"end":{"line":103,"column":38}},"loc":{"start":{"line":103,"column":41},"end":{"line":139,"column":1}},"line":103},"12":{"name":"(anonymous_12)","decl":{"start":{"line":109,"column":12},"end":{"line":109,"column":13}},"loc":{"start":{"line":109,"column":24},"end":{"line":109,"column":91}},"line":109},"13":{"name":"(anonymous_13)","decl":{"start":{"line":110,"column":10},"end":{"line":110,"column":11}},"loc":{"start":{"line":110,"column":20},"end":{"line":110,"column":73}},"line":110},"14":{"name":"(anonymous_14)","decl":{"start":{"line":116,"column":31},"end":{"line":116,"column":32}},"loc":{"start":{"line":116,"column":43},"end":{"line":138,"column":3}},"line":116},"15":{"name":"(anonymous_15)","decl":{"start":{"line":130,"column":35},"end":{"line":130,"column":36}},"loc":{"start":{"line":130,"column":45},"end":{"line":130,"column":79}},"line":130},"16":{"name":"renderizarPedidosRecientes","decl":{"start":{"line":142,"column":15},"end":{"line":142,"column":41}},"loc":{"start":{"line":142,"column":44},"end":{"line":193,"column":1}},"line":142},"17":{"name":"(anonymous_17)","decl":{"start":{"line":147,"column":40},"end":{"line":147,"column":41}},"loc":{"start":{"line":147,"column":50},"end":{"line":147,"column":103}},"line":147},"18":{"name":"(anonymous_18)","decl":{"start":{"line":153,"column":27},"end":{"line":153,"column":28}},"loc":{"start":{"line":153,"column":39},"end":{"line":192,"column":3}},"line":153},"19":{"name":"renderizarPedidosDomicilio","decl":{"start":{"line":196,"column":15},"end":{"line":196,"column":41}},"loc":{"start":{"line":196,"column":44},"end":{"line":260,"column":1}},"line":196},"20":{"name":"(anonymous_20)","decl":{"start":{"line":205,"column":6},"end":{"line":205,"column":7}},"loc":{"start":{"line":205,"column":18},"end":{"line":205,"column":114}},"line":205},"21":{"name":"(anonymous_21)","decl":{"start":{"line":207,"column":10},"end":{"line":207,"column":11}},"loc":{"start":{"line":207,"column":20},"end":{"line":207,"column":73}},"line":207},"22":{"name":"(anonymous_22)","decl":{"start":{"line":218,"column":27},"end":{"line":218,"column":28}},"loc":{"start":{"line":218,"column":39},"end":{"line":248,"column":3}},"line":218},"23":{"name":"(anonymous_23)","decl":{"start":{"line":238,"column":35},"end":{"line":238,"column":36}},"loc":{"start":{"line":238,"column":45},"end":{"line":238,"column":79}},"line":238},"24":{"name":"(anonymous_24)","decl":{"start":{"line":251,"column":53},"end":{"line":251,"column":54}},"loc":{"start":{"line":251,"column":62},"end":{"line":259,"column":3}},"line":251},"25":{"name":"(anonymous_25)","decl":{"start":{"line":252,"column":34},"end":{"line":252,"column":35}},"loc":{"start":{"line":252,"column":47},"end":{"line":258,"column":5}},"line":252},"26":{"name":"traducirEstado","decl":{"start":{"line":263,"column":9},"end":{"line":263,"column":23}},"loc":{"start":{"line":263,"column":32},"end":{"line":278,"column":1}},"line":263},"27":{"name":"configurarEventListeners","decl":{"start":{"line":281,"column":9},"end":{"line":281,"column":33}},"loc":{"start":{"line":281,"column":36},"end":{"line":324,"column":1}},"line":281},"28":{"name":"(anonymous_28)","decl":{"start":{"line":283,"column":45},"end":{"line":283,"column":46}},"loc":{"start":{"line":283,"column":51},"end":{"line":286,"column":3}},"line":283},"29":{"name":"(anonymous_29)","decl":{"start":{"line":288,"column":47},"end":{"line":288,"column":48}},"loc":{"start":{"line":288,"column":53},"end":{"line":291,"column":3}},"line":288},"30":{"name":"(anonymous_30)","decl":{"start":{"line":294,"column":43},"end":{"line":294,"column":44}},"loc":{"start":{"line":294,"column":49},"end":{"line":297,"column":3}},"line":294},"31":{"name":"(anonymous_31)","decl":{"start":{"line":299,"column":44},"end":{"line":299,"column":45}},"loc":{"start":{"line":299,"column":50},"end":{"line":302,"column":3}},"line":299},"32":{"name":"(anonymous_32)","decl":{"start":{"line":305,"column":43},"end":{"line":305,"column":44}},"loc":{"start":{"line":305,"column":49},"end":{"line":310,"column":3}},"line":305},"33":{"name":"(anonymous_33)","decl":{"start":{"line":312,"column":50},"end":{"line":312,"column":51}},"loc":{"start":{"line":312,"column":56},"end":{"line":317,"column":3}},"line":312},"34":{"name":"(anonymous_34)","decl":{"start":{"line":320,"column":44},"end":{"line":320,"column":45}},"loc":{"start":{"line":320,"column":50},"end":{"line":323,"column":3}},"line":320},"35":{"name":"simularProgresoPedido","decl":{"start":{"line":327,"column":9},"end":{"line":327,"column":30}},"loc":{"start":{"line":327,"column":39},"end":{"line":360,"column":1}},"line":327},"36":{"name":"(anonymous_36)","decl":{"start":{"line":337,"column":4},"end":{"line":337,"column":5}},"loc":{"start":{"line":337,"column":34},"end":{"line":351,"column":5}},"line":337},"37":{"name":"(anonymous_37)","decl":{"start":{"line":352,"column":4},"end":{"line":352,"column":5}},"loc":{"start":{"line":352,"column":24},"end":{"line":358,"column":5}},"line":352},"38":{"name":"iniciarSimulacionAutomatica","decl":{"start":{"line":363,"column":9},"end":{"line":363,"column":36}},"loc":{"start":{"line":363,"column":39},"end":{"line":396,"column":1}},"line":363},"39":{"name":"(anonymous_39)","decl":{"start":{"line":365,"column":44},"end":{"line":365,"column":45}},"loc":{"start":{"line":365,"column":56},"end":{"line":372,"column":3}},"line":365},"40":{"name":"(anonymous_40)","decl":{"start":{"line":367,"column":43},"end":{"line":367,"column":44}},"loc":{"start":{"line":367,"column":56},"end":{"line":367,"column":84}},"line":367},"41":{"name":"(anonymous_41)","decl":{"start":{"line":375,"column":47},"end":{"line":375,"column":48}},"loc":{"start":{"line":375,"column":59},"end":{"line":385,"column":3}},"line":375},"42":{"name":"(anonymous_42)","decl":{"start":{"line":377,"column":41},"end":{"line":377,"column":42}},"loc":{"start":{"line":377,"column":53},"end":{"line":377,"column":105}},"line":377},"43":{"name":"(anonymous_43)","decl":{"start":{"line":381,"column":49},"end":{"line":381,"column":50}},"loc":{"start":{"line":381,"column":59},"end":{"line":381,"column":112}},"line":381},"44":{"name":"(anonymous_44)","decl":{"start":{"line":388,"column":13},"end":{"line":388,"column":14}},"loc":{"start":{"line":388,"column":19},"end":{"line":394,"column":5}},"line":388},"45":{"name":"(anonymous_45)","decl":{"start":{"line":393,"column":49},"end":{"line":393,"column":50}},"loc":{"start":{"line":393,"column":58},"end":{"line":393,"column":72}},"line":393}},"branchMap":{"0":{"loc":{"start":{"line":41,"column":16},"end":{"line":41,"column":83}},"type":"binary-expr","locations":[{"start":{"line":41,"column":16},"end":{"line":41,"column":45}},{"start":{"line":41,"column":49},"end":{"line":41,"column":83}}],"line":41},"1":{"loc":{"start":{"line":59,"column":38},"end":{"line":59,"column":80}},"type":"cond-expr","locations":[{"start":{"line":59,"column":56},"end":{"line":59,"column":67}},{"start":{"line":59,"column":70},"end":{"line":59,"column":80}}],"line":59},"2":{"loc":{"start":{"line":64,"column":40},"end":{"line":64,"column":82}},"type":"cond-expr","locations":[{"start":{"line":64,"column":58},"end":{"line":64,"column":70}},{"start":{"line":64,"column":73},"end":{"line":64,"column":82}}],"line":64},"3":{"loc":{"start":{"line":94,"column":45},"end":{"line":94,"column":98}},"type":"cond-expr","locations":[{"start":{"line":94,"column":72},"end":{"line":94,"column":82}},{"start":{"line":94,"column":85},"end":{"line":94,"column":98}}],"line":94},"4":{"loc":{"start":{"line":109,"column":24},"end":{"line":109,"column":91}},"type":"binary-expr","locations":[{"start":{"line":109,"column":24},"end":{"line":109,"column":53}},{"start":{"line":109,"column":57},"end":{"line":109,"column":91}}],"line":109},"5":{"loc":{"start":{"line":133,"column":58},"end":{"line":133,"column":108}},"type":"cond-expr","locations":[{"start":{"line":133,"column":95},"end":{"line":133,"column":100}},{"start":{"line":133,"column":103},"end":{"line":133,"column":108}}],"line":133},"6":{"loc":{"start":{"line":160,"column":4},"end":{"line":173,"column":5}},"type":"switch","locations":[{"start":{"line":161,"column":6},"end":{"line":163,"column":13}},{"start":{"line":164,"column":6},"end":{"line":166,"column":13}},{"start":{"line":167,"column":6},"end":{"line":169,"column":13}},{"start":{"line":170,"column":6},"end":{"line":172,"column":13}}],"line":160},"7":{"loc":{"start":{"line":181,"column":52},"end":{"line":181,"column":104}},"type":"cond-expr","locations":[{"start":{"line":181,"column":78},"end":{"line":181,"column":88}},{"start":{"line":181,"column":91},"end":{"line":181,"column":104}}],"line":181},"8":{"loc":{"start":{"line":200,"column":2},"end":{"line":200,"column":32}},"type":"if","locations":[{"start":{"line":200,"column":2},"end":{"line":200,"column":32}},{"start":{},"end":{}}],"line":200},"9":{"loc":{"start":{"line":205,"column":18},"end":{"line":205,"column":114}},"type":"binary-expr","locations":[{"start":{"line":205,"column":18},"end":{"line":205,"column":45}},{"start":{"line":205,"column":50},"end":{"line":205,"column":75}},{"start":{"line":205,"column":79},"end":{"line":205,"column":113}}],"line":205},"10":{"loc":{"start":{"line":212,"column":2},"end":{"line":215,"column":3}},"type":"if","locations":[{"start":{"line":212,"column":2},"end":{"line":215,"column":3}},{"start":{},"end":{}}],"line":212},"11":{"loc":{"start":{"line":235,"column":29},"end":{"line":235,"column":73}},"type":"binary-expr","locations":[{"start":{"line":235,"column":29},"end":{"line":235,"column":52}},{"start":{"line":235,"column":56},"end":{"line":235,"column":73}}],"line":235},"12":{"loc":{"start":{"line":264,"column":2},"end":{"line":277,"column":3}},"type":"switch","locations":[{"start":{"line":265,"column":4},"end":{"line":266,"column":24}},{"start":{"line":267,"column":4},"end":{"line":268,"column":25}},{"start":{"line":269,"column":4},"end":{"line":270,"column":20}},{"start":{"line":271,"column":4},"end":{"line":272,"column":24}},{"start":{"line":273,"column":4},"end":{"line":274,"column":24}},{"start":{"line":275,"column":4},"end":{"line":276,"column":19}}],"line":264},"13":{"loc":{"start":{"line":329,"column":2},"end":{"line":331,"column":3}},"type":"if","locations":[{"start":{"line":329,"column":2},"end":{"line":331,"column":3}},{"start":{},"end":{}}],"line":329},"14":{"loc":{"start":{"line":340,"column":6},"end":{"line":345,"column":7}},"type":"if","locations":[{"start":{"line":340,"column":6},"end":{"line":345,"column":7}},{"start":{},"end":{}}],"line":340},"15":{"loc":{"start":{"line":342,"column":8},"end":{"line":344,"column":9}},"type":"if","locations":[{"start":{"line":342,"column":8},"end":{"line":344,"column":9}},{"start":{},"end":{}}],"line":342},"16":{"loc":{"start":{"line":348,"column":6},"end":{"line":350,"column":7}},"type":"if","locations":[{"start":{"line":348,"column":6},"end":{"line":350,"column":7}},{"start":{},"end":{}}],"line":348},"17":{"loc":{"start":{"line":348,"column":10},"end":{"line":348,"column":57}},"type":"binary-expr","locations":[{"start":{"line":348,"column":10},"end":{"line":348,"column":24}},{"start":{"line":348,"column":28},"end":{"line":348,"column":57}}],"line":348},"18":{"loc":{"start":{"line":369,"column":4},"end":{"line":371,"column":5}},"type":"if","locations":[{"start":{"line":369,"column":4},"end":{"line":371,"column":5}},{"start":{},"end":{}}],"line":369},"19":{"loc":{"start":{"line":377,"column":53},"end":{"line":377,"column":105}},"type":"binary-expr","locations":[{"start":{"line":377,"column":53},"end":{"line":377,"column":78}},{"start":{"line":377,"column":82},"end":{"line":377,"column":105}}],"line":377},"20":{"loc":{"start":{"line":379,"column":4},"end":{"line":384,"column":5}},"type":"if","locations":[{"start":{"line":379,"column":4},"end":{"line":384,"column":5}},{"start":{},"end":{}}],"line":379}},"s":{"0":0,"1":0,"2":0,"3":0,"4":0,"5":0,"6":0,"7":0,"8":0,"9":0,"10":0,"11":0,"12":0,"13":0,"14":0,"15":0,"16":0,"17":0,"18":0,"19":0,"20":0,"21":0,"22":0,"23":0,"24":0,"25":0,"26":0,"27":0,"28":0,"29":0,"30":0,"31":0,"32":0,"33":0,"34":0,"35":0,"36":0,"37":0,"38":0,"39":0,"40":0,"41":0,"42":0,"43":0,"44":0,"45":0,"46":0,"47":0,"48":0,"49":0,"50":0,"51":0,"52":0,"53":0,"54":0,"55":0,"56":0,"57":0,"58":0,"59":0,"60":0,"61":0,"62":0,"63":0,"64":0,"65":0,"66":0,"67":0,"68":0,"69":0,"70":0,"71":0,"72":0,"73":0,"74":0,"75":0,"76":0,"77":0,"78":0,"79":0,"80":0,"81":0,"82":0,"83":0,"84":0,"85":0,"86":0,"87":0,"88":0,"89":0,"90":0,"91":0,"92":0,"93":0,"94":0,"95":0,"96":0,"97":0,"98":0,"99":0,"100":0,"101":0,"102":0,"103":0,"104":0,"105":0,"106":0,"107":0,"108":0,"109":0,"110":0,"111":0,"112":0,"113":0,"114":0,"115":0,"116":0,"117":0,"118":0,"119":0,"120":0,"121":0,"122":0,"123":0,"124":0,"125":0,"126":0,"127":0,"128":0,"129":0,"130":0,"131":0,"132":0,"133":0,"134":0,"135":0,"136":0,"137":0,"138":0,"139":0,"140":0,"141":0,"142":0,"143":0,"144":0,"145":0,"146":0,"147":0,"148":0,"149":0,"150":0,"151":0,"152":0,"153":0,"154":0,"155":0,"156":0,"157":0,"158":0,"159":0,"160":0,"161":0,"162":0,"163":0},"f":{"0":0,"1":0,"2":0,"3":0,"4":0,"5":0,"6":0,"7":0,"8":0,"9":0,"10":0,"11":0,"12":0,"13":0,"14":0,"15":0,"16":0,"17":0,"18":0,"19":0,"20":0,"21":0,"22":0,"23":0,"24":0,"25":0,"26":0,"27":0,"28":0,"29":0,"30":0,"31":0,"32":0,"33":0,"34":0,"35":0,"36":0,"37":0,"38":0,"39":0,"40":0,"41":0,"42":0,"43":0,"44":0,"45":0},"b":{"0":[0,0],"1":[0,0],"2":[0,0],"3":[0,0],"4":[0,0],"5":[0,0],"6":[0,0,0,0],"7":[0,0],"8":[0,0],"9":[0,0,0],"10":[0,0],"11":[0,0],"12":[0,0,0,0,0,0],"13":[0,0],"14":[0,0],"15":[0,0],"16":[0,0],"17":[0,0],"18":[0,0],"19":[0,0],"20":[0,0]},"inputSourceMap":null}
,"C:\\Users\\wilbe\\Downloads\\restaurant-simulator-1\\modulos\\api.js": {"path":"C:\\Users\\wilbe\\Downloads\\restaurant-simulator-1\\modulos\\api.js","statementMap":{"0":{"start":{"line":8,"column":4},"end":{"line":119,"column":5}},"1":{"start":{"line":11,"column":26},"end":{"line":11,"column":62}},"2":{"start":{"line":12,"column":6},"end":{"line":95,"column":7}},"3":{"start":{"line":13,"column":8},"end":{"line":13,"column":50}},"4":{"start":{"line":16,"column":8},"end":{"line":94,"column":9}},"5":{"start":{"line":18,"column":54},"end":{"line":22,"column":11}},"6":{"start":{"line":97,"column":6},"end":{"line":97,"column":52}},"7":{"start":{"line":99,"column":6},"end":{"line":118,"column":7}},"8":{"start":{"line":101,"column":52},"end":{"line":105,"column":9}},"9":{"start":{"line":123,"column":22},"end":{"line":123,"column":26}},"10":{"start":{"line":127,"column":4},"end":{"line":127,"column":39}},"11":{"start":{"line":128,"column":4},"end":{"line":128,"column":24}},"12":{"start":{"line":133,"column":4},"end":{"line":135,"column":5}},"13":{"start":{"line":134,"column":6},"end":{"line":134,"column":30}},"14":{"start":{"line":136,"column":4},"end":{"line":136,"column":24}},"15":{"start":{"line":141,"column":4},"end":{"line":146,"column":6}},"16":{"start":{"line":142,"column":6},"end":{"line":145,"column":13}},"17":{"start":{"line":143,"column":8},"end":{"line":143,"column":29}},"18":{"start":{"line":144,"column":8},"end":{"line":144,"column":21}},"19":{"start":{"line":151,"column":18},"end":{"line":151,"column":38}},"20":{"start":{"line":152,"column":4},"end":{"line":152,"column":25}},"21":{"start":{"line":156,"column":18},"end":{"line":156,"column":38}},"22":{"start":{"line":157,"column":4},"end":{"line":157,"column":22}},"23":{"start":{"line":161,"column":18},"end":{"line":161,"column":38}},"24":{"start":{"line":162,"column":4},"end":{"line":162,"column":21}},"25":{"start":{"line":166,"column":18},"end":{"line":166,"column":38}},"26":{"start":{"line":167,"column":4},"end":{"line":167,"column":24}},"27":{"start":{"line":171,"column":18},"end":{"line":171,"column":38}},"28":{"start":{"line":172,"column":4},"end":{"line":172,"column":25}},"29":{"start":{"line":176,"column":18},"end":{"line":176,"column":38}},"30":{"start":{"line":177,"column":4},"end":{"line":177,"column":29}},"31":{"start":{"line":182,"column":18},"end":{"line":182,"column":38}},"32":{"start":{"line":183,"column":4},"end":{"line":183,"column":29}},"33":{"start":{"line":184,"column":4},"end":{"line":184,"column":29}},"34":{"start":{"line":185,"column":4},"end":{"line":185,"column":19}},"35":{"start":{"line":189,"column":18},"end":{"line":189,"column":38}},"36":{"start":{"line":190,"column":4},"end":{"line":190,"column":23}},"37":{"start":{"line":191,"column":4},"end":{"line":191,"column":29}},"38":{"start":{"line":192,"column":4},"end":{"line":192,"column":16}},"39":{"start":{"line":196,"column":18},"end":{"line":196,"column":38}},"40":{"start":{"line":197,"column":4},"end":{"line":197,"column":27}},"41":{"start":{"line":198,"column":4},"end":{"line":198,"column":29}},"42":{"start":{"line":199,"column":4},"end":{"line":199,"column":18}},"43":{"start":{"line":203,"column":18},"end":{"line":203,"column":38}},"44":{"start":{"line":204,"column":4},"end":{"line":204,"column":29}},"45":{"start":{"line":205,"column":4},"end":{"line":205,"column":29}},"46":{"start":{"line":206,"column":4},"end":{"line":206,"column":19}},"47":{"start":{"line":210,"column":18},"end":{"line":210,"column":38}},"48":{"start":{"line":211,"column":4},"end":{"line":211,"column":37}},"49":{"start":{"line":212,"column":4},"end":{"line":212,"column":29}},"50":{"start":{"line":213,"column":4},"end":{"line":213,"column":23}},"51":{"start":{"line":235,"column":2},"end":{"line":250,"column":3}},"52":{"start":{"line":253,"column":2},"end":{"line":253,"column":65}}},"fnMap":{"0":{"name":"cargarDatos","decl":{"start":{"line":7,"column":15},"end":{"line":7,"column":26}},"loc":{"start":{"line":7,"column":29},"end":{"line":120,"column":3}},"line":7},"1":{"name":"(anonymous_1)","decl":{"start":{"line":18,"column":43},"end":{"line":18,"column":44}},"loc":{"start":{"line":18,"column":54},"end":{"line":22,"column":11}},"line":18},"2":{"name":"(anonymous_2)","decl":{"start":{"line":101,"column":41},"end":{"line":101,"column":42}},"loc":{"start":{"line":101,"column":52},"end":{"line":105,"column":9}},"line":101},"3":{"name":"inicializarDatos","decl":{"start":{"line":126,"column":17},"end":{"line":126,"column":33}},"loc":{"start":{"line":126,"column":36},"end":{"line":129,"column":3}},"line":126},"4":{"name":"obtenerDatos","decl":{"start":{"line":132,"column":17},"end":{"line":132,"column":29}},"loc":{"start":{"line":132,"column":32},"end":{"line":137,"column":3}},"line":132},"5":{"name":"guardarDatos","decl":{"start":{"line":140,"column":17},"end":{"line":140,"column":29}},"loc":{"start":{"line":140,"column":37},"end":{"line":147,"column":3}},"line":140},"6":{"name":"(anonymous_6)","decl":{"start":{"line":141,"column":23},"end":{"line":141,"column":24}},"loc":{"start":{"line":141,"column":36},"end":{"line":146,"column":5}},"line":141},"7":{"name":"(anonymous_7)","decl":{"start":{"line":142,"column":17},"end":{"line":142,"column":18}},"loc":{"start":{"line":142,"column":23},"end":{"line":145,"column":7}},"line":142},"8":{"name":"obtenerClientes","decl":{"start":{"line":150,"column":17},"end":{"line":150,"column":32}},"loc":{"start":{"line":150,"column":35},"end":{"line":153,"column":3}},"line":150},"9":{"name":"obtenerMesas","decl":{"start":{"line":155,"column":17},"end":{"line":155,"column":29}},"loc":{"start":{"line":155,"column":32},"end":{"line":158,"column":3}},"line":155},"10":{"name":"obtenerMenu","decl":{"start":{"line":160,"column":17},"end":{"line":160,"column":28}},"loc":{"start":{"line":160,"column":31},"end":{"line":163,"column":3}},"line":160},"11":{"name":"obtenerPedidos","decl":{"start":{"line":165,"column":17},"end":{"line":165,"column":31}},"loc":{"start":{"line":165,"column":34},"end":{"line":168,"column":3}},"line":165},"12":{"name":"obtenerFacturas","decl":{"start":{"line":170,"column":17},"end":{"line":170,"column":32}},"loc":{"start":{"line":170,"column":35},"end":{"line":173,"column":3}},"line":170},"13":{"name":"obtenerEstadisticas","decl":{"start":{"line":175,"column":17},"end":{"line":175,"column":36}},"loc":{"start":{"line":175,"column":39},"end":{"line":178,"column":3}},"line":175},"14":{"name":"actualizarClientes","decl":{"start":{"line":181,"column":17},"end":{"line":181,"column":35}},"loc":{"start":{"line":181,"column":46},"end":{"line":186,"column":3}},"line":181},"15":{"name":"actualizarMesas","decl":{"start":{"line":188,"column":17},"end":{"line":188,"column":32}},"loc":{"start":{"line":188,"column":40},"end":{"line":193,"column":3}},"line":188},"16":{"name":"actualizarPedidos","decl":{"start":{"line":195,"column":17},"end":{"line":195,"column":34}},"loc":{"start":{"line":195,"column":44},"end":{"line":200,"column":3}},"line":195},"17":{"name":"actualizarFacturas","decl":{"start":{"line":202,"column":17},"end":{"line":202,"column":35}},"loc":{"start":{"line":202,"column":46},"end":{"line":207,"column":3}},"line":202},"18":{"name":"actualizarEstadisticas","decl":{"start":{"line":209,"column":17},"end":{"line":209,"column":39}},"loc":{"start":{"line":209,"column":54},"end":{"line":214,"column":3}},"line":209}},"branchMap":{"0":{"loc":{"start":{"line":12,"column":6},"end":{"line":95,"column":7}},"type":"if","locations":[{"start":{"line":12,"column":6},"end":{"line":95,"column":7}},{"start":{"line":14,"column":13},"end":{"line":95,"column":7}}],"line":12},"1":{"loc":{"start":{"line":12,"column":10},"end":{"line":12,"column":55}},"type":"binary-expr","locations":[{"start":{"line":12,"column":10},"end":{"line":12,"column":21}},{"start":{"line":12,"column":25},"end":{"line":12,"column":55}}],"line":12},"2":{"loc":{"start":{"line":20,"column":23},"end":{"line":20,"column":60}},"type":"cond-expr","locations":[{"start":{"line":20,"column":37},"end":{"line":20,"column":38}},{"start":{"line":20,"column":41},"end":{"line":20,"column":60}}],"line":20},"3":{"loc":{"start":{"line":20,"column":41},"end":{"line":20,"column":60}},"type":"cond-expr","locations":[{"start":{"line":20,"column":55},"end":{"line":20,"column":56}},{"start":{"line":20,"column":59},"end":{"line":20,"column":60}}],"line":20},"4":{"loc":{"start":{"line":133,"column":4},"end":{"line":135,"column":5}},"type":"if","locations":[{"start":{"line":133,"column":4},"end":{"line":135,"column":5}},{"start":{},"end":{}}],"line":133}},"s":{"0":4,"1":4,"2":4,"3":0,"4":4,"5":32,"6":0,"7":0,"8":0,"9":3,"10":4,"11":4,"12":10,"13":1,"14":10,"15":4,"16":4,"17":4,"18":4,"19":0,"20":0,"21":3,"22":3,"23":0,"24":0,"25":2,"26":2,"27":0,"28":0,"29":0,"30":0,"31":0,"32":0,"33":0,"34":0,"35":2,"36":2,"37":2,"38":2,"39":1,"40":1,"41":1,"42":1,"43":1,"44":1,"45":1,"46":1,"47":0,"48":0,"49":0,"50":0,"51":3,"52":3},"f":{"0":4,"1":32,"2":0,"3":4,"4":10,"5":4,"6":4,"7":4,"8":0,"9":3,"10":0,"11":2,"12":0,"13":0,"14":0,"15":2,"16":1,"17":1,"18":0},"b":{"0":[0,4],"1":[4,0],"2":[16,16],"3":[4,12],"4":[1,9]},"inputSourceMap":null,"_coverageSchema":"1a1c01bbd47fc00a2c39e90264f33305004495a9","hash":"71e45acc243514a22d87fa7de4b757431ef65184"}
,"C:\\Users\\wilbe\\Downloads\\restaurant-simulator-1\\modulos\\clientes.js": {"path":"C:\\Users\\wilbe\\Downloads\\restaurant-simulator-1\\modulos\\clientes.js","statementMap":{"0":{"start":{"line":8,"column":4},"end":{"line":8,"column":75}},"1":{"start":{"line":14,"column":4},"end":{"line":16,"column":5}},"2":{"start":{"line":15,"column":6},"end":{"line":15,"column":66}},"3":{"start":{"line":18,"column":4},"end":{"line":20,"column":5}},"4":{"start":{"line":19,"column":6},"end":{"line":19,"column":77}},"5":{"start":{"line":23,"column":25},"end":{"line":30,"column":5}},"6":{"start":{"line":33,"column":21},"end":{"line":33,"column":55}},"7":{"start":{"line":34,"column":4},"end":{"line":34,"column":31}},"8":{"start":{"line":35,"column":4},"end":{"line":35,"column":49}},"9":{"start":{"line":37,"column":4},"end":{"line":37,"column":23}},"10":{"start":{"line":42,"column":21},"end":{"line":42,"column":55}},"11":{"start":{"line":43,"column":4},"end":{"line":43,"column":63}},"12":{"start":{"line":43,"column":38},"end":{"line":43,"column":62}},"13":{"start":{"line":48,"column":21},"end":{"line":48,"column":55}},"14":{"start":{"line":49,"column":19},"end":{"line":49,"column":76}},"15":{"start":{"line":49,"column":51},"end":{"line":49,"column":75}},"16":{"start":{"line":51,"column":4},"end":{"line":53,"column":5}},"17":{"start":{"line":52,"column":6},"end":{"line":52,"column":46}},"18":{"start":{"line":56,"column":4},"end":{"line":59,"column":5}},"19":{"start":{"line":61,"column":4},"end":{"line":61,"column":49}},"20":{"start":{"line":62,"column":4},"end":{"line":62,"column":27}},"21":{"start":{"line":67,"column":21},"end":{"line":67,"column":55}},"22":{"start":{"line":68,"column":27},"end":{"line":68,"column":81}},"23":{"start":{"line":68,"column":56},"end":{"line":68,"column":80}},"24":{"start":{"line":70,"column":4},"end":{"line":72,"column":5}},"25":{"start":{"line":71,"column":6},"end":{"line":71,"column":46}},"26":{"start":{"line":74,"column":4},"end":{"line":74,"column":55}},"27":{"start":{"line":75,"column":4},"end":{"line":75,"column":15}},"28":{"start":{"line":82,"column":4},"end":{"line":82,"column":30}},"29":{"start":{"line":83,"column":4},"end":{"line":83,"column":50}},"30":{"start":{"line":85,"column":21},"end":{"line":85,"column":55}},"31":{"start":{"line":86,"column":19},"end":{"line":86,"column":65}},"32":{"start":{"line":86,"column":45},"end":{"line":86,"column":64}},"33":{"start":{"line":88,"column":4},"end":{"line":92,"column":5}},"34":{"start":{"line":89,"column":6},"end":{"line":89,"column":32}},"35":{"start":{"line":91,"column":6},"end":{"line":91,"column":28}},"36":{"start":{"line":94,"column":4},"end":{"line":94,"column":49}},"37":{"start":{"line":97,"column":4},"end":{"line":97,"column":81}},"38":{"start":{"line":99,"column":4},"end":{"line":99,"column":18}},"39":{"start":{"line":104,"column":21},"end":{"line":104,"column":55}},"40":{"start":{"line":107,"column":27},"end":{"line":109,"column":72}},"41":{"start":{"line":108,"column":27},"end":{"line":108,"column":55}},"42":{"start":{"line":109,"column":22},"end":{"line":109,"column":71}},"43":{"start":{"line":111,"column":4},"end":{"line":113,"column":5}},"44":{"start":{"line":112,"column":6},"end":{"line":112,"column":17}},"45":{"start":{"line":115,"column":27},"end":{"line":115,"column":44}},"46":{"start":{"line":116,"column":4},"end":{"line":116,"column":45}},"47":{"start":{"line":117,"column":4},"end":{"line":117,"column":58}},"48":{"start":{"line":120,"column":19},"end":{"line":120,"column":72}},"49":{"start":{"line":120,"column":45},"end":{"line":120,"column":71}},"50":{"start":{"line":121,"column":4},"end":{"line":121,"column":37}},"51":{"start":{"line":122,"column":4},"end":{"line":122,"column":49}},"52":{"start":{"line":125,"column":4},"end":{"line":125,"column":90}},"53":{"start":{"line":127,"column":4},"end":{"line":127,"column":25}},"54":{"start":{"line":142,"column":2},"end":{"line":149,"column":3}}},"fnMap":{"0":{"name":"generarClienteId","decl":{"start":{"line":7,"column":9},"end":{"line":7,"column":25}},"loc":{"start":{"line":7,"column":28},"end":{"line":9,"column":3}},"line":7},"1":{"name":"crearCliente","decl":{"start":{"line":12,"column":17},"end":{"line":12,"column":29}},"loc":{"start":{"line":12,"column":62},"end":{"line":38,"column":3}},"line":12},"2":{"name":"obtenerClientePorId","decl":{"start":{"line":41,"column":17},"end":{"line":41,"column":36}},"loc":{"start":{"line":41,"column":48},"end":{"line":44,"column":3}},"line":41},"3":{"name":"(anonymous_3)","decl":{"start":{"line":43,"column":25},"end":{"line":43,"column":26}},"loc":{"start":{"line":43,"column":38},"end":{"line":43,"column":62}},"line":43},"4":{"name":"actualizarCliente","decl":{"start":{"line":47,"column":17},"end":{"line":47,"column":34}},"loc":{"start":{"line":47,"column":65},"end":{"line":63,"column":3}},"line":47},"5":{"name":"(anonymous_5)","decl":{"start":{"line":49,"column":38},"end":{"line":49,"column":39}},"loc":{"start":{"line":49,"column":51},"end":{"line":49,"column":75}},"line":49},"6":{"name":"eliminarCliente","decl":{"start":{"line":66,"column":17},"end":{"line":66,"column":32}},"loc":{"start":{"line":66,"column":44},"end":{"line":76,"column":3}},"line":66},"7":{"name":"(anonymous_7)","decl":{"start":{"line":68,"column":43},"end":{"line":68,"column":44}},"loc":{"start":{"line":68,"column":56},"end":{"line":68,"column":80}},"line":68},"8":{"name":"agregarClienteACola","decl":{"start":{"line":79,"column":17},"end":{"line":79,"column":36}},"loc":{"start":{"line":79,"column":46},"end":{"line":100,"column":3}},"line":79},"9":{"name":"(anonymous_9)","decl":{"start":{"line":86,"column":38},"end":{"line":86,"column":39}},"loc":{"start":{"line":86,"column":45},"end":{"line":86,"column":64}},"line":86},"10":{"name":"atenderSiguienteCliente","decl":{"start":{"line":103,"column":17},"end":{"line":103,"column":40}},"loc":{"start":{"line":103,"column":43},"end":{"line":128,"column":3}},"line":103},"11":{"name":"(anonymous_11)","decl":{"start":{"line":108,"column":14},"end":{"line":108,"column":15}},"loc":{"start":{"line":108,"column":27},"end":{"line":108,"column":55}},"line":108},"12":{"name":"(anonymous_12)","decl":{"start":{"line":109,"column":12},"end":{"line":109,"column":13}},"loc":{"start":{"line":109,"column":22},"end":{"line":109,"column":71}},"line":109},"13":{"name":"(anonymous_13)","decl":{"start":{"line":120,"column":38},"end":{"line":120,"column":39}},"loc":{"start":{"line":120,"column":45},"end":{"line":120,"column":71}},"line":120}},"branchMap":{"0":{"loc":{"start":{"line":12,"column":44},"end":{"line":12,"column":60}},"type":"default-arg","locations":[{"start":{"line":12,"column":56},"end":{"line":12,"column":60}}],"line":12},"1":{"loc":{"start":{"line":14,"column":4},"end":{"line":16,"column":5}},"type":"if","locations":[{"start":{"line":14,"column":4},"end":{"line":16,"column":5}},{"start":{},"end":{}}],"line":14},"2":{"loc":{"start":{"line":14,"column":8},"end":{"line":14,"column":24}},"type":"binary-expr","locations":[{"start":{"line":14,"column":8},"end":{"line":14,"column":15}},{"start":{"line":14,"column":19},"end":{"line":14,"column":24}}],"line":14},"3":{"loc":{"start":{"line":18,"column":4},"end":{"line":20,"column":5}},"type":"if","locations":[{"start":{"line":18,"column":4},"end":{"line":20,"column":5}},{"start":{},"end":{}}],"line":18},"4":{"loc":{"start":{"line":18,"column":8},"end":{"line":18,"column":42}},"type":"binary-expr","locations":[{"start":{"line":18,"column":8},"end":{"line":18,"column":28}},{"start":{"line":18,"column":32},"end":{"line":18,"column":42}}],"line":18},"5":{"loc":{"start":{"line":27,"column":17},"end":{"line":27,"column":56}},"type":"cond-expr","locations":[{"start":{"line":27,"column":40},"end":{"line":27,"column":49}},{"start":{"line":27,"column":52},"end":{"line":27,"column":56}}],"line":27},"6":{"loc":{"start":{"line":51,"column":4},"end":{"line":53,"column":5}},"type":"if","locations":[{"start":{"line":51,"column":4},"end":{"line":53,"column":5}},{"start":{},"end":{}}],"line":51},"7":{"loc":{"start":{"line":70,"column":4},"end":{"line":72,"column":5}},"type":"if","locations":[{"start":{"line":70,"column":4},"end":{"line":72,"column":5}},{"start":{},"end":{}}],"line":70},"8":{"loc":{"start":{"line":88,"column":4},"end":{"line":92,"column":5}},"type":"if","locations":[{"start":{"line":88,"column":4},"end":{"line":92,"column":5}},{"start":{"line":90,"column":11},"end":{"line":92,"column":5}}],"line":88},"9":{"loc":{"start":{"line":111,"column":4},"end":{"line":113,"column":5}},"type":"if","locations":[{"start":{"line":111,"column":4},"end":{"line":113,"column":5}},{"start":{},"end":{}}],"line":111}},"s":{"0":1,"1":2,"2":0,"3":2,"4":1,"5":1,"6":1,"7":0,"8":0,"9":0,"10":0,"11":0,"12":0,"13":0,"14":0,"15":0,"16":0,"17":0,"18":0,"19":0,"20":0,"21":0,"22":0,"23":0,"24":0,"25":0,"26":0,"27":0,"28":0,"29":0,"30":0,"31":0,"32":0,"33":0,"34":0,"35":0,"36":0,"37":0,"38":0,"39":0,"40":0,"41":0,"42":0,"43":0,"44":0,"45":0,"46":0,"47":0,"48":0,"49":0,"50":0,"51":0,"52":0,"53":0,"54":1},"f":{"0":1,"1":2,"2":0,"3":0,"4":0,"5":0,"6":0,"7":0,"8":0,"9":0,"10":0,"11":0,"12":0,"13":0},"b":{"0":[2],"1":[0,2],"2":[2,2],"3":[1,1],"4":[2,1],"5":[0,1],"6":[0,0],"7":[0,0],"8":[0,0],"9":[0,0]},"inputSourceMap":null,"_coverageSchema":"1a1c01bbd47fc00a2c39e90264f33305004495a9","hash":"b18269024741b7c49141af5d7e13666f01c8899c"}
,"C:\\Users\\wilbe\\Downloads\\restaurant-simulator-1\\modulos\\facturacion.js": {"path":"C:\\Users\\wilbe\\Downloads\\restaurant-simulator-1\\modulos\\facturacion.js","statementMap":{"0":{"start":{"line":8,"column":4},"end":{"line":8,"column":75}},"1":{"start":{"line":14,"column":4},"end":{"line":16,"column":5}},"2":{"start":{"line":15,"column":6},"end":{"line":15,"column":41}},"3":{"start":{"line":19,"column":20},"end":{"line":19,"column":79}},"4":{"start":{"line":22,"column":25},"end":{"line":34,"column":5}},"5":{"start":{"line":37,"column":21},"end":{"line":37,"column":55}},"6":{"start":{"line":38,"column":4},"end":{"line":38,"column":31}},"7":{"start":{"line":39,"column":4},"end":{"line":39,"column":49}},"8":{"start":{"line":42,"column":4},"end":{"line":42,"column":85}},"9":{"start":{"line":44,"column":4},"end":{"line":44,"column":23}},"10":{"start":{"line":49,"column":21},"end":{"line":49,"column":55}},"11":{"start":{"line":50,"column":4},"end":{"line":50,"column":63}},"12":{"start":{"line":50,"column":38},"end":{"line":50,"column":62}},"13":{"start":{"line":55,"column":21},"end":{"line":55,"column":55}},"14":{"start":{"line":56,"column":4},"end":{"line":56,"column":72}},"15":{"start":{"line":56,"column":40},"end":{"line":56,"column":71}},"16":{"start":{"line":61,"column":21},"end":{"line":61,"column":55}},"17":{"start":{"line":62,"column":19},"end":{"line":62,"column":76}},"18":{"start":{"line":62,"column":51},"end":{"line":62,"column":75}},"19":{"start":{"line":64,"column":4},"end":{"line":66,"column":5}},"20":{"start":{"line":65,"column":6},"end":{"line":65,"column":46}},"21":{"start":{"line":69,"column":4},"end":{"line":69,"column":38}},"22":{"start":{"line":70,"column":4},"end":{"line":70,"column":57}},"23":{"start":{"line":72,"column":4},"end":{"line":72,"column":49}},"24":{"start":{"line":75,"column":4},"end":{"line":75,"column":90}},"25":{"start":{"line":77,"column":4},"end":{"line":77,"column":27}},"26":{"start":{"line":82,"column":21},"end":{"line":82,"column":55}},"27":{"start":{"line":83,"column":4},"end":{"line":83,"column":66}},"28":{"start":{"line":83,"column":40},"end":{"line":83,"column":65}},"29":{"start":{"line":88,"column":4},"end":{"line":88,"column":33}},"30":{"start":{"line":102,"column":2},"end":{"line":109,"column":3}}},"fnMap":{"0":{"name":"generarFacturaId","decl":{"start":{"line":7,"column":9},"end":{"line":7,"column":25}},"loc":{"start":{"line":7,"column":28},"end":{"line":9,"column":3}},"line":7},"1":{"name":"generarFactura","decl":{"start":{"line":12,"column":17},"end":{"line":12,"column":31}},"loc":{"start":{"line":12,"column":40},"end":{"line":45,"column":3}},"line":12},"2":{"name":"obtenerFacturaPorId","decl":{"start":{"line":48,"column":17},"end":{"line":48,"column":36}},"loc":{"start":{"line":48,"column":48},"end":{"line":51,"column":3}},"line":48},"3":{"name":"(anonymous_3)","decl":{"start":{"line":50,"column":25},"end":{"line":50,"column":26}},"loc":{"start":{"line":50,"column":38},"end":{"line":50,"column":62}},"line":50},"4":{"name":"obtenerFacturasPorCliente","decl":{"start":{"line":54,"column":17},"end":{"line":54,"column":42}},"loc":{"start":{"line":54,"column":54},"end":{"line":57,"column":3}},"line":54},"5":{"name":"(anonymous_5)","decl":{"start":{"line":56,"column":27},"end":{"line":56,"column":28}},"loc":{"start":{"line":56,"column":40},"end":{"line":56,"column":71}},"line":56},"6":{"name":"marcarFacturaPagada","decl":{"start":{"line":60,"column":17},"end":{"line":60,"column":36}},"loc":{"start":{"line":60,"column":48},"end":{"line":78,"column":3}},"line":60},"7":{"name":"(anonymous_7)","decl":{"start":{"line":62,"column":38},"end":{"line":62,"column":39}},"loc":{"start":{"line":62,"column":51},"end":{"line":62,"column":75}},"line":62},"8":{"name":"obtenerFacturasPorEstado","decl":{"start":{"line":81,"column":17},"end":{"line":81,"column":41}},"loc":{"start":{"line":81,"column":50},"end":{"line":84,"column":3}},"line":81},"9":{"name":"(anonymous_9)","decl":{"start":{"line":83,"column":27},"end":{"line":83,"column":28}},"loc":{"start":{"line":83,"column":40},"end":{"line":83,"column":65}},"line":83},"10":{"name":"formatearTotal","decl":{"start":{"line":87,"column":11},"end":{"line":87,"column":25}},"loc":{"start":{"line":87,"column":33},"end":{"line":89,"column":3}},"line":87}},"branchMap":{"0":{"loc":{"start":{"line":14,"column":4},"end":{"line":16,"column":5}},"type":"if","locations":[{"start":{"line":14,"column":4},"end":{"line":16,"column":5}},{"start":{},"end":{}}],"line":14},"1":{"loc":{"start":{"line":27,"column":21},"end":{"line":27,"column":68}},"type":"cond-expr","locations":[{"start":{"line":27,"column":31},"end":{"line":27,"column":45}},{"start":{"line":27,"column":48},"end":{"line":27,"column":68}}],"line":27},"2":{"loc":{"start":{"line":29,"column":17},"end":{"line":29,"column":51}},"type":"cond-expr","locations":[{"start":{"line":29,"column":27},"end":{"line":29,"column":44}},{"start":{"line":29,"column":47},"end":{"line":29,"column":51}}],"line":29},"3":{"loc":{"start":{"line":64,"column":4},"end":{"line":66,"column":5}},"type":"if","locations":[{"start":{"line":64,"column":4},"end":{"line":66,"column":5}},{"start":{},"end":{}}],"line":64}},"s":{"0":0,"1":1,"2":0,"3":1,"4":0,"5":0,"6":0,"7":0,"8":0,"9":0,"10":0,"11":0,"12":0,"13":0,"14":0,"15":0,"16":0,"17":0,"18":0,"19":0,"20":0,"21":0,"22":0,"23":0,"24":0,"25":0,"26":0,"27":0,"28":0,"29":0,"30":1},"f":{"0":0,"1":1,"2":0,"3":0,"4":0,"5":0,"6":0,"7":0,"8":0,"9":0,"10":0},"b":{"0":[0,1],"1":[0,0],"2":[0,0],"3":[0,0]},"inputSourceMap":null,"_coverageSchema":"1a1c01bbd47fc00a2c39e90264f33305004495a9","hash":"bcdcc75a6f42b334036463202850f46d3b2f3fad"}
,"C:\\Users\\wilbe\\Downloads\\restaurant-simulator-1\\modulos\\mesas.js": {"path":"C:\\Users\\wilbe\\Downloads\\restaurant-simulator-1\\modulos\\mesas.js","statementMap":{"0":{"start":{"line":10,"column":2},"end":{"line":10,"column":33}},"1":{"start":{"line":15,"column":16},"end":{"line":15,"column":36}},"2":{"start":{"line":16,"column":2},"end":{"line":16,"column":48}},"3":{"start":{"line":16,"column":32},"end":{"line":16,"column":47}},"4":{"start":{"line":21,"column":27},"end":{"line":21,"column":58}},"5":{"start":{"line":23,"column":2},"end":{"line":25,"column":3}},"6":{"start":{"line":24,"column":4},"end":{"line":24,"column":15}},"7":{"start":{"line":28,"column":27},"end":{"line":28,"column":46}},"8":{"start":{"line":31,"column":16},"end":{"line":31,"column":36}},"9":{"start":{"line":32,"column":17},"end":{"line":32,"column":75}},"10":{"start":{"line":32,"column":43},"end":{"line":32,"column":74}},"11":{"start":{"line":34,"column":2},"end":{"line":34,"column":34}},"12":{"start":{"line":35,"column":2},"end":{"line":35,"column":55}},"13":{"start":{"line":37,"column":2},"end":{"line":37,"column":34}},"14":{"start":{"line":40,"column":2},"end":{"line":40,"column":83}},"15":{"start":{"line":42,"column":2},"end":{"line":42,"column":22}},"16":{"start":{"line":47,"column":16},"end":{"line":47,"column":36}},"17":{"start":{"line":48,"column":17},"end":{"line":48,"column":62}},"18":{"start":{"line":48,"column":43},"end":{"line":48,"column":61}},"19":{"start":{"line":50,"column":2},"end":{"line":52,"column":3}},"20":{"start":{"line":51,"column":4},"end":{"line":51,"column":41}},"21":{"start":{"line":54,"column":2},"end":{"line":56,"column":3}},"22":{"start":{"line":55,"column":4},"end":{"line":55,"column":24}},"23":{"start":{"line":59,"column":2},"end":{"line":59,"column":33}},"24":{"start":{"line":60,"column":2},"end":{"line":60,"column":35}},"25":{"start":{"line":62,"column":2},"end":{"line":62,"column":34}},"26":{"start":{"line":65,"column":2},"end":{"line":65,"column":84}},"27":{"start":{"line":67,"column":2},"end":{"line":67,"column":22}},"28":{"start":{"line":72,"column":16},"end":{"line":72,"column":36}},"29":{"start":{"line":73,"column":2},"end":{"line":73,"column":49}},"30":{"start":{"line":73,"column":30},"end":{"line":73,"column":48}},"31":{"start":{"line":78,"column":2},"end":{"line":80,"column":3}},"32":{"start":{"line":79,"column":4},"end":{"line":79,"column":12}},"33":{"start":{"line":82,"column":25},"end":{"line":82,"column":52}},"34":{"start":{"line":83,"column":16},"end":{"line":83,"column":26}},"35":{"start":{"line":86,"column":2},"end":{"line":86,"column":53}},"36":{"start":{"line":93,"column":0},"end":{"line":100,"column":1}}},"fnMap":{"0":{"name":"obtenerMesas","decl":{"start":{"line":9,"column":15},"end":{"line":9,"column":27}},"loc":{"start":{"line":9,"column":30},"end":{"line":11,"column":1}},"line":9},"1":{"name":"obtenerMesasDisponibles","decl":{"start":{"line":14,"column":15},"end":{"line":14,"column":38}},"loc":{"start":{"line":14,"column":41},"end":{"line":17,"column":1}},"line":14},"2":{"name":"(anonymous_2)","decl":{"start":{"line":16,"column":22},"end":{"line":16,"column":23}},"loc":{"start":{"line":16,"column":32},"end":{"line":16,"column":47}},"line":16},"3":{"name":"asignarMesa","decl":{"start":{"line":20,"column":15},"end":{"line":20,"column":26}},"loc":{"start":{"line":20,"column":29},"end":{"line":43,"column":1}},"line":20},"4":{"name":"(anonymous_4)","decl":{"start":{"line":32,"column":33},"end":{"line":32,"column":34}},"loc":{"start":{"line":32,"column":43},"end":{"line":32,"column":74}},"line":32},"5":{"name":"liberarMesa","decl":{"start":{"line":46,"column":15},"end":{"line":46,"column":26}},"loc":{"start":{"line":46,"column":35},"end":{"line":68,"column":1}},"line":46},"6":{"name":"(anonymous_6)","decl":{"start":{"line":48,"column":33},"end":{"line":48,"column":34}},"loc":{"start":{"line":48,"column":43},"end":{"line":48,"column":61}},"line":48},"7":{"name":"obtenerMesaPorId","decl":{"start":{"line":71,"column":15},"end":{"line":71,"column":31}},"loc":{"start":{"line":71,"column":40},"end":{"line":74,"column":1}},"line":71},"8":{"name":"(anonymous_8)","decl":{"start":{"line":73,"column":20},"end":{"line":73,"column":21}},"loc":{"start":{"line":73,"column":30},"end":{"line":73,"column":48}},"line":73},"9":{"name":"calcularTiempoOcupacion","decl":{"start":{"line":77,"column":9},"end":{"line":77,"column":32}},"loc":{"start":{"line":77,"column":39},"end":{"line":87,"column":1}},"line":77}},"branchMap":{"0":{"loc":{"start":{"line":23,"column":2},"end":{"line":25,"column":3}},"type":"if","locations":[{"start":{"line":23,"column":2},"end":{"line":25,"column":3}},{"start":{},"end":{}}],"line":23},"1":{"loc":{"start":{"line":50,"column":2},"end":{"line":52,"column":3}},"type":"if","locations":[{"start":{"line":50,"column":2},"end":{"line":52,"column":3}},{"start":{},"end":{}}],"line":50},"2":{"loc":{"start":{"line":54,"column":2},"end":{"line":56,"column":3}},"type":"if","locations":[{"start":{"line":54,"column":2},"end":{"line":56,"column":3}},{"start":{},"end":{}}],"line":54},"3":{"loc":{"start":{"line":78,"column":2},"end":{"line":80,"column":3}},"type":"if","locations":[{"start":{"line":78,"column":2},"end":{"line":80,"column":3}},{"start":{},"end":{}}],"line":78},"4":{"loc":{"start":{"line":78,"column":6},"end":{"line":78,"column":43}},"type":"binary-expr","locations":[{"start":{"line":78,"column":6},"end":{"line":78,"column":24}},{"start":{"line":78,"column":28},"end":{"line":78,"column":43}}],"line":78}},"s":{"0":3,"1":1,"2":1,"3":8,"4":1,"5":1,"6":0,"7":1,"8":1,"9":1,"10":1,"11":1,"12":1,"13":1,"14":1,"15":1,"16":1,"17":1,"18":1,"19":1,"20":0,"21":1,"22":0,"23":1,"24":1,"25":1,"26":1,"27":1,"28":0,"29":0,"30":0,"31":0,"32":0,"33":0,"34":0,"35":0,"36":1},"f":{"0":3,"1":1,"2":8,"3":1,"4":1,"5":1,"6":1,"7":0,"8":0,"9":0},"b":{"0":[0,1],"1":[0,1],"2":[0,1],"3":[0,0],"4":[0,0]},"inputSourceMap":null,"_coverageSchema":"1a1c01bbd47fc00a2c39e90264f33305004495a9","hash":"e2834a4b0c08245f0fe761b77063c0ac0e184597"}
,"C:\\Users\\wilbe\\Downloads\\restaurant-simulator-1\\modulos\\pedidos.js": {"path":"C:\\Users\\wilbe\\Downloads\\restaurant-simulator-1\\modulos\\pedidos.js","statementMap":{"0":{"start":{"line":14,"column":2},"end":{"line":14,"column":72}},"1":{"start":{"line":19,"column":18},"end":{"line":19,"column":44}},"2":{"start":{"line":21,"column":4},"end":{"line":23,"column":26}},"3":{"start":{"line":22,"column":41},"end":{"line":22,"column":92}},"4":{"start":{"line":25,"column":2},"end":{"line":25,"column":37}},"5":{"start":{"line":31,"column":2},"end":{"line":33,"column":3}},"6":{"start":{"line":32,"column":4},"end":{"line":32,"column":55}},"7":{"start":{"line":36,"column":18},"end":{"line":36,"column":63}},"8":{"start":{"line":37,"column":2},"end":{"line":39,"column":3}},"9":{"start":{"line":38,"column":4},"end":{"line":38,"column":44}},"10":{"start":{"line":42,"column":28},"end":{"line":42,"column":73}},"11":{"start":{"line":45,"column":16},"end":{"line":45,"column":81}},"12":{"start":{"line":45,"column":44},"end":{"line":45,"column":77}},"13":{"start":{"line":48,"column":22},"end":{"line":62,"column":3}},"14":{"start":{"line":65,"column":2},"end":{"line":72,"column":3}},"15":{"start":{"line":66,"column":25},"end":{"line":66,"column":50}},"16":{"start":{"line":67,"column":4},"end":{"line":71,"column":5}},"17":{"start":{"line":68,"column":6},"end":{"line":68,"column":42}},"18":{"start":{"line":70,"column":6},"end":{"line":70,"column":49}},"19":{"start":{"line":75,"column":2},"end":{"line":75,"column":85}},"20":{"start":{"line":78,"column":18},"end":{"line":78,"column":44}},"21":{"start":{"line":79,"column":2},"end":{"line":79,"column":27}},"22":{"start":{"line":80,"column":2},"end":{"line":80,"column":38}},"23":{"start":{"line":83,"column":2},"end":{"line":83,"column":31}},"24":{"start":{"line":84,"column":2},"end":{"line":84,"column":54}},"25":{"start":{"line":87,"column":2},"end":{"line":87,"column":81}},"26":{"start":{"line":89,"column":2},"end":{"line":89,"column":20}},"27":{"start":{"line":94,"column":18},"end":{"line":94,"column":44}},"28":{"start":{"line":95,"column":2},"end":{"line":95,"column":57}},"29":{"start":{"line":95,"column":34},"end":{"line":95,"column":56}},"30":{"start":{"line":100,"column":18},"end":{"line":100,"column":44}},"31":{"start":{"line":101,"column":17},"end":{"line":101,"column":70}},"32":{"start":{"line":101,"column":47},"end":{"line":101,"column":69}},"33":{"start":{"line":103,"column":2},"end":{"line":105,"column":3}},"34":{"start":{"line":104,"column":4},"end":{"line":104,"column":43}},"35":{"start":{"line":108,"column":2},"end":{"line":108,"column":38}},"36":{"start":{"line":111,"column":2},"end":{"line":119,"column":3}},"37":{"start":{"line":112,"column":4},"end":{"line":112,"column":51}},"38":{"start":{"line":115,"column":25},"end":{"line":115,"column":56}},"39":{"start":{"line":116,"column":4},"end":{"line":116,"column":37}},"40":{"start":{"line":117,"column":4},"end":{"line":117,"column":53}},"41":{"start":{"line":118,"column":4},"end":{"line":118,"column":50}},"42":{"start":{"line":121,"column":2},"end":{"line":121,"column":38}},"43":{"start":{"line":124,"column":2},"end":{"line":132,"column":3}},"44":{"start":{"line":134,"column":2},"end":{"line":134,"column":24}},"45":{"start":{"line":139,"column":17},"end":{"line":139,"column":51}},"46":{"start":{"line":141,"column":2},"end":{"line":143,"column":3}},"47":{"start":{"line":142,"column":4},"end":{"line":142,"column":43}},"48":{"start":{"line":146,"column":2},"end":{"line":148,"column":3}},"49":{"start":{"line":147,"column":4},"end":{"line":147,"column":83}},"50":{"start":{"line":151,"column":2},"end":{"line":153,"column":3}},"51":{"start":{"line":152,"column":4},"end":{"line":152,"column":42}},"52":{"start":{"line":156,"column":2},"end":{"line":156,"column":60}},"53":{"start":{"line":161,"column":2},"end":{"line":161,"column":65}},"54":{"start":{"line":166,"column":2},"end":{"line":166,"column":56}},"55":{"start":{"line":171,"column":17},"end":{"line":171,"column":68}},"56":{"start":{"line":174,"column":2},"end":{"line":174,"column":42}},"57":{"start":{"line":176,"column":2},"end":{"line":176,"column":15}},"58":{"start":{"line":181,"column":18},"end":{"line":181,"column":44}},"59":{"start":{"line":182,"column":2},"end":{"line":182,"column":61}},"60":{"start":{"line":182,"column":36},"end":{"line":182,"column":60}},"61":{"start":{"line":198,"column":0},"end":{"line":207,"column":1}}},"fnMap":{"0":{"name":"generarPedidoId","decl":{"start":{"line":13,"column":9},"end":{"line":13,"column":24}},"loc":{"start":{"line":13,"column":27},"end":{"line":15,"column":1}},"line":13},"1":{"name":"generarNumeroOrden","decl":{"start":{"line":18,"column":15},"end":{"line":18,"column":33}},"loc":{"start":{"line":18,"column":36},"end":{"line":26,"column":1}},"line":18},"2":{"name":"(anonymous_2)","decl":{"start":{"line":22,"column":23},"end":{"line":22,"column":24}},"loc":{"start":{"line":22,"column":41},"end":{"line":22,"column":92}},"line":22},"3":{"name":"crearPedido","decl":{"start":{"line":29,"column":15},"end":{"line":29,"column":26}},"loc":{"start":{"line":29,"column":51},"end":{"line":90,"column":1}},"line":29},"4":{"name":"(anonymous_4)","decl":{"start":{"line":45,"column":29},"end":{"line":45,"column":30}},"loc":{"start":{"line":45,"column":44},"end":{"line":45,"column":77}},"line":45},"5":{"name":"obtenerPedidoPorId","decl":{"start":{"line":93,"column":15},"end":{"line":93,"column":33}},"loc":{"start":{"line":93,"column":44},"end":{"line":96,"column":1}},"line":93},"6":{"name":"(anonymous_6)","decl":{"start":{"line":95,"column":22},"end":{"line":95,"column":23}},"loc":{"start":{"line":95,"column":34},"end":{"line":95,"column":56}},"line":95},"7":{"name":"actualizarEstadoPedido","decl":{"start":{"line":99,"column":15},"end":{"line":99,"column":37}},"loc":{"start":{"line":99,"column":61},"end":{"line":135,"column":1}},"line":99},"8":{"name":"(anonymous_8)","decl":{"start":{"line":101,"column":35},"end":{"line":101,"column":36}},"loc":{"start":{"line":101,"column":47},"end":{"line":101,"column":69}},"line":101},"9":{"name":"cancelarPedido","decl":{"start":{"line":138,"column":15},"end":{"line":138,"column":29}},"loc":{"start":{"line":138,"column":40},"end":{"line":157,"column":1}},"line":138},"10":{"name":"iniciarPreparacion","decl":{"start":{"line":160,"column":15},"end":{"line":160,"column":33}},"loc":{"start":{"line":160,"column":44},"end":{"line":162,"column":1}},"line":160},"11":{"name":"marcarPedidoListo","decl":{"start":{"line":165,"column":15},"end":{"line":165,"column":32}},"loc":{"start":{"line":165,"column":43},"end":{"line":167,"column":1}},"line":165},"12":{"name":"marcarPedidoEntregado","decl":{"start":{"line":170,"column":15},"end":{"line":170,"column":36}},"loc":{"start":{"line":170,"column":47},"end":{"line":177,"column":1}},"line":170},"13":{"name":"obtenerPedidosPorEstado","decl":{"start":{"line":180,"column":15},"end":{"line":180,"column":38}},"loc":{"start":{"line":180,"column":47},"end":{"line":183,"column":1}},"line":180},"14":{"name":"(anonymous_14)","decl":{"start":{"line":182,"column":24},"end":{"line":182,"column":25}},"loc":{"start":{"line":182,"column":36},"end":{"line":182,"column":60}},"line":182}},"branchMap":{"0":{"loc":{"start":{"line":21,"column":4},"end":{"line":23,"column":26}},"type":"cond-expr","locations":[{"start":{"line":22,"column":8},"end":{"line":22,"column":114}},{"start":{"line":23,"column":8},"end":{"line":23,"column":26}}],"line":21},"1":{"loc":{"start":{"line":22,"column":41},"end":{"line":22,"column":92}},"type":"cond-expr","locations":[{"start":{"line":22,"column":80},"end":{"line":22,"column":86}},{"start":{"line":22,"column":89},"end":{"line":22,"column":92}}],"line":22},"2":{"loc":{"start":{"line":31,"column":2},"end":{"line":33,"column":3}},"type":"if","locations":[{"start":{"line":31,"column":2},"end":{"line":33,"column":3}},{"start":{},"end":{}}],"line":31},"3":{"loc":{"start":{"line":31,"column":6},"end":{"line":31,"column":48}},"type":"binary-expr","locations":[{"start":{"line":31,"column":6},"end":{"line":31,"column":16}},{"start":{"line":31,"column":20},"end":{"line":31,"column":26}},{"start":{"line":31,"column":30},"end":{"line":31,"column":48}}],"line":31},"4":{"loc":{"start":{"line":37,"column":2},"end":{"line":39,"column":3}},"type":"if","locations":[{"start":{"line":37,"column":2},"end":{"line":39,"column":3}},{"start":{},"end":{}}],"line":37},"5":{"loc":{"start":{"line":53,"column":10},"end":{"line":53,"column":30}},"type":"binary-expr","locations":[{"start":{"line":53,"column":10},"end":{"line":53,"column":14}},{"start":{"line":53,"column":18},"end":{"line":53,"column":30}}],"line":53},"6":{"loc":{"start":{"line":61,"column":22},"end":{"line":61,"column":47}},"type":"binary-expr","locations":[{"start":{"line":61,"column":22},"end":{"line":61,"column":39}},{"start":{"line":61,"column":43},"end":{"line":61,"column":47}}],"line":61},"7":{"loc":{"start":{"line":65,"column":2},"end":{"line":72,"column":3}},"type":"if","locations":[{"start":{"line":65,"column":2},"end":{"line":72,"column":3}},{"start":{},"end":{}}],"line":65},"8":{"loc":{"start":{"line":67,"column":4},"end":{"line":71,"column":5}},"type":"if","locations":[{"start":{"line":67,"column":4},"end":{"line":71,"column":5}},{"start":{"line":69,"column":11},"end":{"line":71,"column":5}}],"line":67},"9":{"loc":{"start":{"line":103,"column":2},"end":{"line":105,"column":3}},"type":"if","locations":[{"start":{"line":103,"column":2},"end":{"line":105,"column":3}},{"start":{},"end":{}}],"line":103},"10":{"loc":{"start":{"line":111,"column":2},"end":{"line":119,"column":3}},"type":"if","locations":[{"start":{"line":111,"column":2},"end":{"line":119,"column":3}},{"start":{},"end":{}}],"line":111},"11":{"loc":{"start":{"line":111,"column":6},"end":{"line":111,"column":95}},"type":"binary-expr","locations":[{"start":{"line":111,"column":6},"end":{"line":111,"column":33}},{"start":{"line":111,"column":37},"end":{"line":111,"column":69}},{"start":{"line":111,"column":73},"end":{"line":111,"column":95}}],"line":111},"12":{"loc":{"start":{"line":141,"column":2},"end":{"line":143,"column":3}},"type":"if","locations":[{"start":{"line":141,"column":2},"end":{"line":143,"column":3}},{"start":{},"end":{}}],"line":141},"13":{"loc":{"start":{"line":146,"column":2},"end":{"line":148,"column":3}},"type":"if","locations":[{"start":{"line":146,"column":2},"end":{"line":148,"column":3}},{"start":{},"end":{}}],"line":146},"14":{"loc":{"start":{"line":146,"column":6},"end":{"line":146,"column":73}},"type":"binary-expr","locations":[{"start":{"line":146,"column":6},"end":{"line":146,"column":35}},{"start":{"line":146,"column":39},"end":{"line":146,"column":73}}],"line":146},"15":{"loc":{"start":{"line":151,"column":2},"end":{"line":153,"column":3}},"type":"if","locations":[{"start":{"line":151,"column":2},"end":{"line":153,"column":3}},{"start":{},"end":{}}],"line":151},"16":{"loc":{"start":{"line":151,"column":6},"end":{"line":151,"column":46}},"type":"binary-expr","locations":[{"start":{"line":151,"column":6},"end":{"line":151,"column":29}},{"start":{"line":151,"column":33},"end":{"line":151,"column":46}}],"line":151}},"s":{"0":0,"1":0,"2":0,"3":0,"4":0,"5":0,"6":0,"7":0,"8":0,"9":0,"10":0,"11":0,"12":0,"13":0,"14":0,"15":0,"16":0,"17":0,"18":0,"19":0,"20":0,"21":0,"22":0,"23":0,"24":0,"25":0,"26":0,"27":0,"28":0,"29":0,"30":0,"31":0,"32":0,"33":0,"34":0,"35":0,"36":0,"37":0,"38":0,"39":0,"40":0,"41":0,"42":0,"43":0,"44":0,"45":0,"46":0,"47":0,"48":0,"49":0,"50":0,"51":0,"52":0,"53":0,"54":0,"55":0,"56":0,"57":0,"58":0,"59":0,"60":0,"61":0},"f":{"0":0,"1":0,"2":0,"3":0,"4":0,"5":0,"6":0,"7":0,"8":0,"9":0,"10":0,"11":0,"12":0,"13":0,"14":0},"b":{"0":[0,0],"1":[0,0],"2":[0,0],"3":[0,0,0],"4":[0,0],"5":[0,0],"6":[0,0],"7":[0,0],"8":[0,0],"9":[0,0],"10":[0,0],"11":[0,0,0],"12":[0,0],"13":[0,0],"14":[0,0],"15":[0,0],"16":[0,0]},"inputSourceMap":null}
,"C:\\Users\\wilbe\\Downloads\\restaurant-simulator-1\\modulos\\tiempo.js": {"path":"C:\\Users\\wilbe\\Downloads\\restaurant-simulator-1\\modulos\\tiempo.js","statementMap":{"0":{"start":{"line":10,"column":17},"end":{"line":10,"column":47}},"1":{"start":{"line":13,"column":26},"end":{"line":13,"column":75}},"2":{"start":{"line":16,"column":22},"end":{"line":16,"column":23}},"3":{"start":{"line":17,"column":4},"end":{"line":25,"column":5}},"4":{"start":{"line":18,"column":23},"end":{"line":18,"column":68}},"5":{"start":{"line":18,"column":50},"end":{"line":18,"column":67}},"6":{"start":{"line":19,"column":6},"end":{"line":24,"column":7}},"7":{"start":{"line":22,"column":31},"end":{"line":22,"column":55}},"8":{"start":{"line":23,"column":8},"end":{"line":23,"column":67}},"9":{"start":{"line":28,"column":30},"end":{"line":28,"column":46}},"10":{"start":{"line":30,"column":4},"end":{"line":30,"column":86}},"11":{"start":{"line":32,"column":4},"end":{"line":32,"column":31}},"12":{"start":{"line":37,"column":18},"end":{"line":37,"column":28}},"13":{"start":{"line":40,"column":26},"end":{"line":40,"column":27}},"14":{"start":{"line":41,"column":4},"end":{"line":47,"column":5}},"15":{"start":{"line":43,"column":27},"end":{"line":43,"column":56}},"16":{"start":{"line":44,"column":6},"end":{"line":44,"column":71}},"17":{"start":{"line":46,"column":6},"end":{"line":46,"column":26}},"18":{"start":{"line":50,"column":32},"end":{"line":50,"column":74}},"19":{"start":{"line":53,"column":25},"end":{"line":53,"column":79}},"20":{"start":{"line":55,"column":4},"end":{"line":55,"column":38}},"21":{"start":{"line":61,"column":26},"end":{"line":61,"column":44}},"22":{"start":{"line":62,"column":35},"end":{"line":62,"column":39}},"23":{"start":{"line":63,"column":29},"end":{"line":63,"column":30}},"24":{"start":{"line":65,"column":22},"end":{"line":81,"column":30}},"25":{"start":{"line":66,"column":6},"end":{"line":66,"column":51}},"26":{"start":{"line":69,"column":23},"end":{"line":69,"column":92}},"27":{"start":{"line":71,"column":6},"end":{"line":73,"column":7}},"28":{"start":{"line":72,"column":8},"end":{"line":72,"column":45}},"29":{"start":{"line":75,"column":6},"end":{"line":80,"column":7}},"30":{"start":{"line":76,"column":8},"end":{"line":76,"column":33}},"31":{"start":{"line":77,"column":8},"end":{"line":79,"column":9}},"32":{"start":{"line":78,"column":10},"end":{"line":78,"column":39}},"33":{"start":{"line":84,"column":4},"end":{"line":86,"column":6}},"34":{"start":{"line":85,"column":22},"end":{"line":85,"column":46}},"35":{"start":{"line":91,"column":18},"end":{"line":91,"column":28}},"36":{"start":{"line":92,"column":29},"end":{"line":92,"column":51}},"37":{"start":{"line":93,"column":25},"end":{"line":93,"column":69}},"38":{"start":{"line":95,"column":4},"end":{"line":97,"column":5}},"39":{"start":{"line":96,"column":6},"end":{"line":96,"column":35}},"40":{"start":{"line":99,"column":30},"end":{"line":99,"column":60}},"41":{"start":{"line":100,"column":4},"end":{"line":100,"column":48}},"42":{"start":{"line":112,"column":2},"end":{"line":117,"column":4}}},"fnMap":{"0":{"name":"calcularTiempoPreparacion","decl":{"start":{"line":8,"column":15},"end":{"line":8,"column":40}},"loc":{"start":{"line":8,"column":48},"end":{"line":33,"column":3}},"line":8},"1":{"name":"(anonymous_1)","decl":{"start":{"line":18,"column":42},"end":{"line":18,"column":43}},"loc":{"start":{"line":18,"column":50},"end":{"line":18,"column":67}},"line":18},"2":{"name":"calcularTiempoEntrega","decl":{"start":{"line":36,"column":17},"end":{"line":36,"column":38}},"loc":{"start":{"line":36,"column":47},"end":{"line":56,"column":3}},"line":36},"3":{"name":"simularProgresoPreparacion","decl":{"start":{"line":59,"column":11},"end":{"line":59,"column":37}},"loc":{"start":{"line":59,"column":99},"end":{"line":87,"column":3}},"line":59},"4":{"name":"(anonymous_4)","decl":{"start":{"line":65,"column":34},"end":{"line":65,"column":35}},"loc":{"start":{"line":65,"column":40},"end":{"line":81,"column":5}},"line":65},"5":{"name":"(anonymous_5)","decl":{"start":{"line":85,"column":16},"end":{"line":85,"column":17}},"loc":{"start":{"line":85,"column":22},"end":{"line":85,"column":46}},"line":85},"6":{"name":"formatearTiempoRestante","decl":{"start":{"line":90,"column":11},"end":{"line":90,"column":34}},"loc":{"start":{"line":90,"column":49},"end":{"line":101,"column":3}},"line":90}},"branchMap":{"0":{"loc":{"start":{"line":19,"column":6},"end":{"line":24,"column":7}},"type":"if","locations":[{"start":{"line":19,"column":6},"end":{"line":24,"column":7}},{"start":{},"end":{}}],"line":19},"1":{"loc":{"start":{"line":41,"column":4},"end":{"line":47,"column":5}},"type":"if","locations":[{"start":{"line":41,"column":4},"end":{"line":47,"column":5}},{"start":{"line":45,"column":11},"end":{"line":47,"column":5}}],"line":41},"2":{"loc":{"start":{"line":71,"column":6},"end":{"line":73,"column":7}},"type":"if","locations":[{"start":{"line":71,"column":6},"end":{"line":73,"column":7}},{"start":{},"end":{}}],"line":71},"3":{"loc":{"start":{"line":75,"column":6},"end":{"line":80,"column":7}},"type":"if","locations":[{"start":{"line":75,"column":6},"end":{"line":80,"column":7}},{"start":{},"end":{}}],"line":75},"4":{"loc":{"start":{"line":77,"column":8},"end":{"line":79,"column":9}},"type":"if","locations":[{"start":{"line":77,"column":8},"end":{"line":79,"column":9}},{"start":{},"end":{}}],"line":77},"5":{"loc":{"start":{"line":95,"column":4},"end":{"line":97,"column":5}},"type":"if","locations":[{"start":{"line":95,"column":4},"end":{"line":97,"column":5}},{"start":{},"end":{}}],"line":95}},"s":{"0":2,"1":0,"2":0,"3":0,"4":0,"5":0,"6":0,"7":0,"8":0,"9":0,"10":0,"11":0,"12":0,"13":0,"14":0,"15":0,"16":0,"17":0,"18":0,"19":0,"20":0,"21":0,"22":0,"23":0,"24":0,"25":0,"26":0,"27":0,"28":0,"29":0,"30":0,"31":0,"32":0,"33":0,"34":0,"35":0,"36":0,"37":0,"38":0,"39":0,"40":0,"41":0,"42":1},"f":{"0":2,"1":0,"2":0,"3":0,"4":0,"5":0,"6":0},"b":{"0":[0,0],"1":[0,0],"2":[0,0],"3":[0,0],"4":[0,0],"5":[0,0]},"inputSourceMap":null,"_coverageSchema":"1a1c01bbd47fc00a2c39e90264f33305004495a9","hash":"a78d11195bed9ae4759ac877bc6c4b2967764295"}
,"C:\\Users\\wilbe\\Downloads\\restaurant-simulator-1\\modulos\\ui-integration.js": {"path":"C:\\Users\\wilbe\\Downloads\\restaurant-simulator-1\\modulos\\ui-integration.js","statementMap":{"0":{"start":{"line":13,"column":23},"end":{"line":13,"column":27}},"1":{"start":{"line":18,"column":2},"end":{"line":18,"column":38}},"2":{"start":{"line":21,"column":2},"end":{"line":21,"column":30}},"3":{"start":{"line":24,"column":2},"end":{"line":24,"column":28}},"4":{"start":{"line":27,"column":2},"end":{"line":27,"column":27}},"5":{"start":{"line":33,"column":2},"end":{"line":33,"column":33}},"6":{"start":{"line":36,"column":2},"end":{"line":36,"column":44}},"7":{"start":{"line":39,"column":2},"end":{"line":41,"column":3}},"8":{"start":{"line":40,"column":4},"end":{"line":40,"column":46}},"9":{"start":{"line":46,"column":19},"end":{"line":46,"column":62}},"10":{"start":{"line":47,"column":19},"end":{"line":47,"column":62}},"11":{"start":{"line":48,"column":19},"end":{"line":48,"column":62}},"12":{"start":{"line":50,"column":2},"end":{"line":60,"column":3}},"13":{"start":{"line":51,"column":4},"end":{"line":51,"column":28}},"14":{"start":{"line":52,"column":4},"end":{"line":52,"column":29}},"15":{"start":{"line":53,"column":4},"end":{"line":53,"column":38}},"16":{"start":{"line":54,"column":4},"end":{"line":54,"column":41}},"17":{"start":{"line":56,"column":4},"end":{"line":56,"column":29}},"18":{"start":{"line":57,"column":4},"end":{"line":57,"column":28}},"19":{"start":{"line":58,"column":4},"end":{"line":58,"column":41}},"20":{"start":{"line":59,"column":4},"end":{"line":59,"column":38}},"21":{"start":{"line":63,"column":2},"end":{"line":63,"column":27}},"22":{"start":{"line":69,"column":2},"end":{"line":69,"column":92}},"23":{"start":{"line":70,"column":2},"end":{"line":70,"column":90}},"24":{"start":{"line":71,"column":2},"end":{"line":71,"column":89}},"25":{"start":{"line":72,"column":2},"end":{"line":72,"column":92}},"26":{"start":{"line":75,"column":21},"end":{"line":75,"column":59}},"27":{"start":{"line":76,"column":23},"end":{"line":76,"column":75}},"28":{"start":{"line":78,"column":2},"end":{"line":82,"column":4}},"29":{"start":{"line":79,"column":4},"end":{"line":81,"column":6}},"30":{"start":{"line":80,"column":6},"end":{"line":80,"column":39}},"31":{"start":{"line":85,"column":2},"end":{"line":88,"column":4}},"32":{"start":{"line":86,"column":25},"end":{"line":86,"column":65}},"33":{"start":{"line":87,"column":4},"end":{"line":87,"column":78}},"34":{"start":{"line":91,"column":19},"end":{"line":91,"column":57}},"35":{"start":{"line":92,"column":2},"end":{"line":103,"column":4}},"36":{"start":{"line":93,"column":4},"end":{"line":102,"column":6}},"37":{"start":{"line":95,"column":6},"end":{"line":95,"column":59}},"38":{"start":{"line":95,"column":30},"end":{"line":95,"column":58}},"39":{"start":{"line":98,"column":6},"end":{"line":98,"column":33}},"40":{"start":{"line":101,"column":6},"end":{"line":101,"column":43}},"41":{"start":{"line":106,"column":2},"end":{"line":106,"column":85}},"42":{"start":{"line":109,"column":23},"end":{"line":109,"column":63}},"43":{"start":{"line":110,"column":30},"end":{"line":110,"column":85}},"44":{"start":{"line":112,"column":2},"end":{"line":116,"column":4}},"45":{"start":{"line":113,"column":4},"end":{"line":115,"column":6}},"46":{"start":{"line":114,"column":6},"end":{"line":114,"column":41}},"47":{"start":{"line":119,"column":2},"end":{"line":126,"column":4}},"48":{"start":{"line":120,"column":4},"end":{"line":122,"column":5}},"49":{"start":{"line":121,"column":6},"end":{"line":121,"column":39}},"50":{"start":{"line":123,"column":4},"end":{"line":125,"column":5}},"51":{"start":{"line":124,"column":6},"end":{"line":124,"column":41}},"52":{"start":{"line":129,"column":2},"end":{"line":135,"column":4}},"53":{"start":{"line":130,"column":24},"end":{"line":130,"column":62}},"54":{"start":{"line":131,"column":4},"end":{"line":134,"column":5}},"55":{"start":{"line":132,"column":24},"end":{"line":132,"column":53}},"56":{"start":{"line":133,"column":6},"end":{"line
[...]
}},"224":{"start":{"line":526,"column":26},"end":{"line":534,"column":7}},"225":{"start":{"line":536,"column":6},"end":{"line":536,"column":33}},"226":{"start":{"line":539,"column":4},"end":{"line":539,"column":63}},"227":{"start":{"line":540,"column":4},"end":{"line":540,"column":65}},"228":{"start":{"line":546,"column":2},"end":{"line":548,"column":3}},"229":{"start":{"line":547,"column":4},"end":{"line":547,"column":10}},"230":{"start":{"line":550,"column":2},"end":{"line":550,"column":58}},"231":{"start":{"line":553,"column":2},"end":{"line":553,"column":27}},"232":{"start":{"line":558,"column":2},"end":{"line":560,"column":3}},"233":{"start":{"line":559,"column":4},"end":{"line":559,"column":10}},"234":{"start":{"line":562,"column":2},"end":{"line":562,"column":28}},"235":{"start":{"line":563,"column":2},"end":{"line":563,"column":25}},"236":{"start":{"line":566,"column":2},"end":{"line":566,"column":27}},"237":{"start":{"line":571,"column":2},"end":{"line":618,"column":3}},"238":{"start":{"line":573,"column":4},"end":{"line":576,"column":5}},"239":{"start":{"line":574,"column":6},"end":{"line":574,"column":32}},"240":{"start":{"line":575,"column":6},"end":{"line":575,"column":29}},"241":{"start":{"line":579,"column":18},"end":{"line":579,"column":42}},"242":{"start":{"line":582,"column":4},"end":{"line":582,"column":23}},"243":{"start":{"line":585,"column":4},"end":{"line":588,"column":6}},"244":{"start":{"line":586,"column":6},"end":{"line":586,"column":28}},"245":{"start":{"line":587,"column":6},"end":{"line":587,"column":30}},"246":{"start":{"line":591,"column":4},"end":{"line":591,"column":22}},"247":{"start":{"line":592,"column":4},"end":{"line":592,"column":23}},"248":{"start":{"line":595,"column":4},"end":{"line":599,"column":5}},"249":{"start":{"line":602,"column":4},"end":{"line":602,"column":33}},"250":{"start":{"line":605,"column":4},"end":{"line":605,"column":40}},"251":{"start":{"line":606,"column":4},"end":{"line":606,"column":42}},"252":{"start":{"line":607,"column":4},"end":{"line":607,"column":43}},"253":{"start":{"line":608,"column":4},"end":{"line":608,"column":46}},"254":{"start":{"line":609,"column":4},"end":{"line":609,"column":46}},"255":{"start":{"line":612,"column":4},"end":{"line":612,"column":29}},"256":{"start":{"line":614,"column":4},"end":{"line":614,"column":48}},"257":{"start":{"line":616,"column":4},"end":{"line":616,"column":58}},"258":{"start":{"line":617,"column":4},"end":{"line":617,"column":60}},"259":{"start":{"line":622,"column":0},"end":{"line":622,"column":60}},"260":{"start":{"line":635,"column":0},"end":{"line":642,"column":1}}},"fnMap":{"0":{"name":"inicializarUI","decl":{"start":{"line":16,"column":15},"end":{"line":16,"column":28}},"loc":{"start":{"line":16,"column":31},"end":{"line":28,"column":1}},"line":16},"1":{"name":"cargarDatosIniciales","decl":{"start":{"line":31,"column":15},"end":{"line":31,"column":35}},"loc":{"start":{"line":31,"column":38},"end":{"line":42,"column":1}},"line":31},"2":{"name":"actualizarEstadoBotones","decl":{"start":{"line":45,"column":9},"end":{"line":45,"column":32}},"loc":{"start":{"line":45,"column":35},"end":{"line":64,"column":1}},"line":45},"3":{"name":"configurarEventListeners","decl":{"start":{"line":67,"column":9},"end":{"line":67,"column":33}},"loc":{"start":{"line":67,"column":36},"end":{"line":173,"column":1}},"line":67},"4":{"name":"(anonymous_4)","decl":{"start":{"line":78,"column":23},"end":{"line":78,"column":24}},"loc":{"start":{"line":78,"column":35},"end":{"line":82,"column":3}},"line":78},"5":{"name":"(anonymous_5)","decl":{"start":{"line":79,"column":37},"end":{"line":79,"column":38}},"loc":{"start":{"line":79,"column":43},"end":{"line":81,"column":5}},"line":79},"6":{"name":"(anonymous_6)","decl":{"start":{"line":85,"column":70},"end":{"line":85,"column":71}},"loc":{"start":{"line":85,"column":82},"end":{"line":88,"column":3}},"line":85},"7":{"name":"(anonymous_7)","decl":{"start":{"line":92,"column":19},"end":{"line":92,"column":20}},"loc":{"start":{"line":92,"column":28},"end":{"line":103,"column":3}},"line":92},"8":{"name":"(anonymous_8)","decl":{"start":{"line":93,"column":34},"end":{"line":93,"column":35}},"loc":{"start":{"line":93,"column":40},"end":{"line":102,"column":5}},"line":93},"9":{"name":"(anonymous_9)","decl":{"start":{"line":95,"column":23},"end":{"line":95,"column":24}},"loc":{"start":{"line":95,"column":30},"end":{"line":95,"column":58}},"line":95},"10":{"name":"(anonymous_10)","decl":{"start":{"line":112,"column":30},"end":{"line":112,"column":31}},"loc":{"start":{"line":112,"column":42},"end":{"line":116,"column":3}},"line":112},"11":{"name":"(anonymous_11)","decl":{"start":{"line":113,"column":37},"end":{"line":113,"column":38}},"loc":{"start":{"line":113,"column":43},"end":{"line":115,"column":5}},"line":113},"12":{"name":"(anonymous_12)","decl":{"start":{"line":119,"column":35},"end":{"line":119,"column":36}},"loc":{"start":{"line":119,"column":46},"end":{"line":126,"column":3}},"line":119},"13":{"name":"(anonymous_13)","decl":{"start":{"line":129,"column":70},"end":{"line":129,"column":71}},"loc":{"start":{"line":129,"column":81},"end":{"line":135,"column":3}},"line":129},"14":{"name":"(anonymous_14)","decl":{"start":{"line":138,"column":69},"end":{"line":138,"column":70}},"loc":{"start":{"line":138,"column":80},"end":{"line":144,"column":3}},"line":138},"15":{"name":"(anonymous_15)","decl":{"start":{"line":149,"column":45},"end":{"line":149,"column":46}},"loc":{"start":{"line":149,"column":56},"end":{"line":171,"column":5}},"line":149},"16":{"name":"(anonymous_16)","decl":{"start":{"line":157,"column":18},"end":{"line":157,"column":19}},"loc":{"start":{"line":157,"column":24},"end":{"line":161,"column":13}},"line":157},"17":{"name":"(anonymous_17)","decl":{"start":{"line":162,"column":19},"end":{"line":162,"column":20}},"loc":{"start":{"line":162,"column":30},"end":{"line":165,"column":13}},"line":162},"18":{"name":"agregarClienteAleatorio","decl":{"start":{"line":176,"column":15},"end":{"line":176,"column":38}},"loc":{"start":{"line":176,"column":41},"end":{"line":232,"column":1}},"line":176},"19":{"name":"atenderCliente","decl":{"start":{"line":235,"column":15},"end":{"line":235,"column":29}},"loc":{"start":{"line":235,"column":41},"end":{"line":254,"column":1}},"line":235},"20":{"name":"(anonymous_20)","decl":{"start":{"line":239,"column":34},"end":{"line":239,"column":35}},"loc":{"start":{"line":239,"column":41},"end":{"line":239,"column":59}},"line":239},"21":{"name":"mostrarModalPedido","decl":{"start":{"line":257,"column":15},"end":{"line":257,"column":33}},"loc":{"start":{"line":257,"column":43},"end":{"line":288,"column":1}},"line":257},"22":{"name":"cargarItemsMenu","decl":{"start":{"line":291,"column":15},"end":{"line":291,"column":30}},"loc":{"start":{"line":291,"column":42},"end":{"line":323,"column":1}},"line":291},"23":{"name":"(anonymous_23)","decl":{"start":{"line":299,"column":18},"end":{"line":299,"column":19}},"loc":{"start":{"line":299,"column":28},"end":{"line":318,"column":5}},"line":299},"24":{"name":"(anonymous_24)","decl":{"start":{"line":313,"column":44},"end":{"line":313,"column":45}},"loc":{"start":{"line":313,"column":50},"end":{"line":315,"column":7}},"line":313},"25":{"name":"toggleItemSeleccion","decl":{"start":{"line":326,"column":9},"end":{"line":326,"column":28}},"loc":{"start":{"line":326,"column":48},"end":{"line":375,"column":1}},"line":326},"26":{"name":"actualizarTotalPedido","decl":{"start":{"line":378,"column":9},"end":{"line":378,"column":30}},"loc":{"start":{"line":378,"column":33},"end":{"line":389,"column":1}},"line":378},"27":{"name":"(anonymous_27)","decl":{"start":{"line":382,"column":16},"end":{"line":382,"column":17}},"loc":{"start":{"line":382,"column":26},"end":{"line":386,"column":3}},"line":382},"28":{"name":"confirmarPedido","decl":{"start":{"line":392,"column":15},"end":{"line":392,"column":30}},"loc":{"start":{"line":392,"column":33},"end":{"line":464,"column":1}},"line":392},"29":{"name":"(anonymous_29)","decl":{"start":{"line":420,"column":26},"end":{"line":420,"column":27}},"loc":{"start":{"line":420,"column":43},"end":{"line":432,"column":5}},"line":420},"30":{"name":"mostrarFactura","decl":{"start":{"line":467,"column":9},"end":{"line":467,"column":23}},"loc":{"start":{"line":467,"column":33},"end":{"line":510,"column":1}},"line":467},"31":{"name":"(anonymous_31)","decl":{"start":{"line":487,"column":26},"end":{"line":487,"column":27}},"loc":{"start":{"line":487,"column":36},"end":{"line":499,"column":5}},"line":487},"32":{"name":"mostrarDetallePedido","decl":{"start":{"line":513,"column":15},"end":{"line":513,"column":35}},"loc":{"start":{"line":513,"column":46},"end":{"line":542,"column":1}},"line":513},"33":{"name":"(anonymous_33)","decl":{"start":{"line":520,"column":34},"end":{"line":520,"column":35}},"loc":{"start":{"line":520,"column":41},"end":{"line":520,"column":64}},"line":520},"34":{"name":"iniciarSimulacion","decl":{"start":{"line":545,"column":9},"end":{"line":545,"column":26}},"loc":{"start":{"line":545,"column":29},"end":{"line":554,"column":1}},"line":545},"35":{"name":"pausarSimulacion","decl":{"start":{"line":557,"column":9},"end":{"line":557,"column":25}},"loc":{"start":{"line":557,"column":28},"end":{"line":567,"column":1}},"line":557},"36":{"name":"reiniciarSimulacion","decl":{"start":{"line":570,"column":15},"end":{"line":570,"column":34}},"loc":{"start":{"line":570,"column":37},"end":{"line":619,"column":1}},"line":570},"37":{"name":"(anonymous_37)","decl":{"start":{"line":585,"column":24},"end":{"line":585,"column":25}},"loc":{"start":{"line":585,"column":34},"end":{"line":588,"column":5}},"line":585}},"branchMap":{"0":{"loc":{"start":{"line":39,"column":2},"end":{"line":41,"column":3}},"type":"if","locations":[{"start":{"line":39,"column":2},"end":{"line":41,"column":3}},{"start":{},"end":{}}],"line":39},"1":{"loc":{"start":{"line":50,"column":2},"end":{"line":60,"column":3}},"type":"if","locations":[{"start":{"line":50,"column":2},"end":{"line":60,"column":3}},{"start":{"line":55,"column":9},"end":{"line":60,"column":3}}],"line":50},"2":{"loc":{"start":{"line":87,"column":33},"end":{"line":87,"column":78}},"type":"cond-expr","locations":[{"start":{"line":87,"column":62},"end":{"line":87,"column":69}},{"start":{"line":87,"column":72},"end":{"line":87,"column":78}}],"line":87},"3":{"loc":{"start":{"line":120,"column":4},"end":{"line":122,"column":5}},"type":"if","locations":[{"start":{"line":120,"column":4},"end":{"line":122,"column":5}},{"start":{},"end":{}}],"line":120},"4":{"loc":{"start":{"line":123,"column":4},"end":{"line":125,"column":5}},"type":"if","locations":[{"start":{"line":123,"column":4},"end":{"line":125,"column":5}},{"start":{},"end":{}}],"line":123},"5":{"loc":{"start":{"line":131,"column":4},"end":{"line":134,"column":5}},"type":"if","locations":[{"start":{"line":131,"column":4},"end":{"line":134,"column":5}},{"start":{},"end":{}}],"line":131},"6":{"loc":{"start":{"line":140,"column":4},"end":{"line":143,"column":5}},"type":"if","locations":[{"start":{"line":140,"column":4},"end":{"line":143,"column":5}},{"start":{},"end":{}}],"line":140},"7":{"loc":{"start":{"line":148,"column":2},"end":{"line":172,"column":3}},"type":"if","locations":[{"start":{"line":148,"column":2},"end":{"line":172,"column":3}},{"start":{},"end":{}}],"line":148},"8":{"loc":{"start":{"line":151,"column":6},"end":{"line":170,"column":7}},"type":"if","locations":[{"start":{"line":151,"column":6},"end":{"line":170,"column":7}},{"start":{},"end":{}}],"line":151},"9":{"loc":{"start":{"line":155,"column":8},"end":{"line":169,"column":9}},"type":"if","locations":[{"start":{"line":155,"column":8},"end":{"line":169,"column":9}},{"start":{"line":166,"column":15},"end":{"line":169,"column":9}}],"line":155},"10":{"loc":{"start":{"line":214,"column":17},"end":{"line":214,"column":60}},"type":"cond-expr","locations":[{"start":{"line":214,"column":39},"end":{"line":214,"column":46}},{"start":{"line":214,"column":49},"end":{"line":214,"column":60}}],"line":214},"11":{"loc":{"start":{"line":217,"column":22},"end":{"line":217,"column":82}},"type":"cond-expr","locations":[{"start":{"line":217,"column":45},"end":{"line":217,"column":75}},{"start":{"line":217,"column":78},"end":{"line":217,"column":82}}],"line":217},"12":{"loc":{"start":{"line":241,"column":4},"end":{"line":243,"column":5}},"type":"if","locations":[{"start":{"line":241,"column":4},"end":{"line":243,"column":5}},{"start":{},"end":{}}],"line":241},"13":{"loc":{"start":{"line":241,"column":8},"end":{"line":241,"column":48}},"type":"binary-expr","locations":[{"start":{"line":241,"column":8},"end":{"line":241,"column":16}},{"start":{"line":241,"column":20},"end":{"line":241,"column":48}}],"line":241},"14":{"loc":{"start":{"line":266,"column":33},"end":{"line":266,"column":80}},"type":"cond-expr","locations":[{"start":{"line":266,"column":64},"end":{"line":266,"column":71}},{"start":{"line":266,"column":74},"end":{"line":266,"column":80}}],"line":266},"15":{"loc":{"start":{"line":268,"column":4},"end":{"line":270,"column":5}},"type":"if","locations":[{"start":{"line":268,"column":4},"end":{"line":270,"column":5}},{"start":{},"end":{}}],"line":268},"16":{"loc":{"start":{"line":268,"column":8},"end":{"line":268,"column":57}},"type":"binary-expr","locations":[{"start":{"line":268,"column":8},"end":{"line":268,"column":36}},{"start":{"line":268,"column":40},"end":{"line":268,"column":57}}],"line":268},"17":{"loc":{"start":{"line":294,"column":18},"end":{"line":294,"column":39}},"type":"binary-expr","locations":[{"start":{"line":294,"column":18},"end":{"line":294,"column":33}},{"start":{"line":294,"column":37},"end":{"line":294,"column":39}}],"line":294},"18":{"loc":{"start":{"line":333,"column":2},"end":{"line":371,"column":3}},"type":"if","locations":[{"start":{"line":333,"column":2},"end":{"line":371,"column":3}},{"start":{"line":363,"column":9},"end":{"line":371,"column":3}}],"line":333},"19":{"loc":{"start":{"line":338,"column":4},"end":{"line":362,"column":5}},"type":"if","locations":[{"start":{"line":338,"column":4},"end":{"line":362,"column":5}},{"start":{"line":348,"column":11},"end":{"line":362,"column":5}}],"line":338},"20":{"loc":{"start":{"line":368,"column":4},"end":{"line":370,"column":5}},"type":"if","locations":[{"start":{"line":368,"column":4},"end":{"line":370,"column":5}},{"start":{},"end":{}}],"line":368},"21":{"loc":{"start":{"line":401,"column":4},"end":{"line":404,"column":5}},"type":"if","locations":[{"start":{"line":401,"column":4},"end":{"line":404,"column":5}},{"start":{},"end":{}}],"line":401},"22":{"loc":{"start":{"line":406,"column":4},"end":{"line":409,"column":5}},"type":"if","locations":[{"start":{"line":406,"column":4},"end":{"line":409,"column":5}},{"start":{},"end":{}}],"line":406},"23":{"loc":{"start":{"line":406,"column":8},"end":{"line":406,"column":42}},"type":"binary-expr","locations":[{"start":{"line":406,"column":8},"end":{"line":406,"column":28}},{"start":{"line":406,"column":32},"end":{"line":406,"column":42}}],"line":406},"24":{"loc":{"start":{"line":413,"column":4},"end":{"line":416,"column":5}},"type":"if","locations":[{"start":{"line":413,"column":4},"end":{"line":416,"column":5}},{"start":{},"end":{}}],"line":413},"25":{"loc":{"start":{"line":438,"column":17},"end":{"line":438,"column":56}},"type":"cond-expr","locations":[{"start":{"line":438,"column":40},"end":{"line":438,"column":49}},{"start":{"line":438,"column":52},"end":{"line":438,"column":56}}],"line":438},"26":{"loc":{"start":{"line":473,"column":67},"end":{"line":473,"column":120}},"type":"cond-expr","locations":[{"start":{"line":473,"column":94},"end":{"line":473,"column":104}},{"start":{"line":473,"column":107},"end":{"line":473,"column":120}}],"line":473},"27":{"loc":{"start":{"line":476,"column":4},"end":{"line":481,"column":5}},"type":"if","locations":[{"start":{"line":476,"column":4},"end":{"line":481,"column":5}},{"start":{"line":479,"column":11},"end":{"line":481,"column":5}}],"line":476},"28":{"loc":{"start":{"line":476,"column":8},"end":{"line":476,"column":57}},"type":"binary-expr","locations":[{"start":{"line":476,"column":8},"end":{"line":476,"column":36}},{"start":{"line":476,"column":40},"end":{"line":476,"column":57}}],"line":476},"29":{"loc":{"start":{"line":516,"column":4},"end":{"line":516,"column":23}},"type":"if","locations":[{"start":{"line":516,"column":4},"end":{"line":516,"column":23}},{"start":{},"end":{}}],"line":516},"30":{"loc":{"start":{"line":522,"column":4},"end":{"line":537,"column":5}},"type":"if","locations":[{"start":{"line":522,"column":4},"end":{"line":537,"column":5}},{"start":{"line":524,"column":11},"end":{"line":537,"column":5}}],"line":522},"31":{"loc":{"start":{"line":546,"column":2},"end":{"line":548,"column":3}},"type":"if","locations":[{"start":{"line":546,"column":2},"end":{"line":548,"column":3}},{"start":{},"end":{}}],"line":546},"32":{"loc":{"start":{"line":558,"column":2},"end":{"line":560,"column":3}},"type":"if","locations":[{"start":{"line":558,"column":2},"end":{"line":560,"column":3}},{"start":{},"end":{}}],"line":558},"33":{"loc":{"start":{"line":573,"column":4},"end":{"line":576,"column":5}},"type":"if","locations":[{"start":{"line":573,"column":4},"end":{"line":576,"column":5}},{"start":{},"end":{}}],"line":573}},"s":{"0":0,"1":0,"2":0,"3":0,"4":0,"5":0,"6":0,"7":0,"8":0,"9":0,"10":0,"11":0,"12":0,"13":0,"14":0,"15":0,"16":0,"17":0,"18":0,"19":0,"20":0,"21":0,"22":0,"23":0,"24":0,"25":0,"26":0,"27":0,"28":0,"29":0,"30":0,"31":0,"32":0,"33":0,"34":0,"35":0,"36":0,"37":0,"38":0,"39":0,"40":0,"41":0,"42":0,"43":0,"44":0,"45":0,"46":0,"47":0,"48":0,"49":0,"50":0,"51":0,"52":0,"53":0,"54":0,"55":0,"56":0,"57":0,"58":0,"59":0,"60":0,"61":0,"62":0,"63":0,"64":0,"65":0,"66":0,"67":0,"68":0,"69":0,"70":0,"71":0,"72":0,"73":0,"74":0,"75":0,"76":0,"77":0,"78":0,"79":0,"80":0,"81":0,"82":0,"83":0,"84":0,"85":0,"86":0,"87":0,"88":0,"89":0,"90":0,"91":0,"92":0,"93":0,"94":0,"95":0,"96":0,"97":0,"98":0,"99":0,"100":0,"101":0,"102":0,"103":0,"104":0,"105":0,"106":0,"107":0,"108":0,"109":0,"110":0,"111":0,"112":0,"113":0,"114":0,"115":0,"116":0,"117":0,"118":0,"119":0,"120":0,"121":0,"122":0,"123":0,"124":0,"125":0,"126":0,"127":0,"128":0,"129":0,"130":0,"131":0,"132":0,"133":0,"134":0,"135":0,"136":0,"137":0,"138":0,"139":0,"140":0,"141":0,"142":0,"143":0,"144":0,"145":0,"146":0,"147":0,"148":0,"149":0,"150":0,"151":0,"152":0,"153":0,"154":0,"155":0,"156":0,"157":0,"158":0,"159":0,"160":0,"161":0,"162":0,"163":0,"164":0,"165":0,"166":0,"167":0,"168":0,"169":0,"170":0,"171":0,"172":0,"173":0,"174":0,"175":0,"176":0,"177":0,"178":0,"179":0,"180":0,"181":0,"182":0,"183":0,"184":0,"185":0,"186":0,"187":0,"188":0,"189":0,"190":0,"191":0,"192":0,"193":0,"194":0,"195":0,"196":0,"197":0,"198":0,"199":0,"200":0,"201":0,"202":0,"203":0,"204":0,"205":0,"206":0,"207":0,"208":0,"209":0,"210":0,"211":0,"212":0,"213":0,"214":0,"215":0,"216":0,"217":0,"218":0,"219":0,"220":0,"221":0,"222":0,"223":0,"224":0,"225":0,"226":0,"227":0,"228":0,"229":0,"230":0,"231":0,"232":0,"233":0,"234":0,"235":0,"236":0,"237":0,"238":0,"239":0,"240":0,"241":0,"242":0,"243":0,"244":0,"245":0,"246":0,"247":0,"248":0,"249":0,"250":0,"251":0,"252":0,"253":0,"254":0,"255":0,"256":0,"257":0,"258":0,"259":0,"260":0},"f":{"0":0,"1":0,"2":0,"3":0,"4":0,"5":0,"6":0,"7":0,"8":0,"9":0,"10":0,"11":0,"12":0,"13":0,"14":0,"15":0,"16":0,"17":0,"18":0,"19":0,"20":0,"21":0,"22":0,"23":0,"24":0,"25":0,"26":0,"27":0,"28":0,"29":0,"30":0,"31":0,"32":0,"33":0,"34":0,"35":0,"36":0,"37":0},"b":{"0":[0,0],"1":[0,0],"2":[0,0],"3":[0,0],"4":[0,0],"5":[0,0],"6":[0,0],"7":[0,0],"8":[0,0],"9":[0,0],"10":[0,0],"11":[0,0],"12":[0,0],"13":[0,0],"14":[0,0],"15":[0,0],"16":[0,0],"17":[0,0],"18":[0,0],"19":[0,0],"20":[0,0],"21":[0,0],"22":[0,0],"23":[0,0],"24":[0,0],"25":[0,0],"26":[0,0],"27":[0,0],"28":[0,0],"29":[0,0],"30":[0,0],"31":[0,0],"32":[0,0],"33":[0,0]},"inputSourceMap":null}
}
