TN:
SF:modulos\activos.js
FN:16,inicializarDashboard
FN:26,actualizarEstadisticasDashboard
FN:34,(anonymous_2)
FN:37,(anonymous_3)
FN:41,(anonymous_4)
FN:49,renderizarMesas
FN:57,(anonymous_6)
FN:72,renderizarColaClientes
FN:78,(anonymous_8)
FN:79,(anonymous_9)
FN:85,(anonymous_10)
FN:103,renderizarPedidosCocina
FN:109,(anonymous_12)
FN:110,(anonymous_13)
FN:116,(anonymous_14)
FN:130,(anonymous_15)
FN:142,renderizarPedidosRecientes
FN:147,(anonymous_17)
FN:153,(anonymous_18)
FN:196,renderizarPedidosDomicilio
FN:205,(anonymous_20)
FN:207,(anonymous_21)
FN:218,(anonymous_22)
FN:238,(anonymous_23)
FN:251,(anonymous_24)
FN:252,(anonymous_25)
FN:263,traducirEstado
FN:281,configurarEventListeners
FN:283,(anonymous_28)
FN:288,(anonymous_29)
FN:294,(anonymous_30)
FN:299,(anonymous_31)
FN:305,(anonymous_32)
FN:312,(anonymous_33)
FN:320,(anonymous_34)
FN:327,simularProgresoPedido
FN:337,(anonymous_36)
FN:352,(anonymous_37)
FN:363,iniciarSimulacionAutomatica
FN:365,(anonymous_39)
FN:367,(anonymous_40)
FN:375,(anonymous_41)
FN:377,(anonymous_42)
FN:381,(anonymous_43)
FN:388,(anonymous_44)
FN:393,(anonymous_45)
FNF:46
FNH:0
FNDA:0,inicializarDashboard
FNDA:0,actualizarEstadisticasDashboard
FNDA:0,(anonymous_2)
FNDA:0,(anonymous_3)
FNDA:0,(anonymous_4)
FNDA:0,renderizarMesas
FNDA:0,(anonymous_6)
FNDA:0,renderizarColaClientes
FNDA:0,(anonymous_8)
FNDA:0,(anonymous_9)
FNDA:0,(anonymous_10)
FNDA:0,renderizarPedidosCocina
FNDA:0,(anonymous_12)
FNDA:0,(anonymous_13)
FNDA:0,(anonymous_14)
FNDA:0,(anonymous_15)
FNDA:0,renderizarPedidosRecientes
FNDA:0,(anonymous_17)
FNDA:0,(anonymous_18)
FNDA:0,renderizarPedidosDomicilio
FNDA:0,(anonymous_20)
FNDA:0,(anonymous_21)
FNDA:0,(anonymous_22)
FNDA:0,(anonymous_23)
FNDA:0,(anonymous_24)
FNDA:0,(anonymous_25)
FNDA:0,traducirEstado
FNDA:0,configurarEventListeners
FNDA:0,(anonymous_28)
FNDA:0,(anonymous_29)
FNDA:0,(anonymous_30)
FNDA:0,(anonymous_31)
FNDA:0,(anonymous_32)
FNDA:0,(anonymous_33)
FNDA:0,(anonymous_34)
FNDA:0,simularProgresoPedido
FNDA:0,(anonymous_36)
FNDA:0,(anonymous_37)
FNDA:0,iniciarSimulacionAutomatica
FNDA:0,(anonymous_39)
FNDA:0,(anonymous_40)
FNDA:0,(anonymous_41)
FNDA:0,(anonymous_42)
FNDA:0,(anonymous_43)
FNDA:0,(anonymous_44)
FNDA:0,(anonymous_45)
DA:13,0
DA:18,0
DA:19,0
DA:22,0
DA:28,0
DA:29,0
DA:30,0
DA:31,0
DA:34,0
DA:35,0
DA:37,0
DA:38,0
DA:40,0
DA:41,0
DA:43,0
DA:45,0
DA:50,0
DA:51,0
DA:54,0
DA:57,0
DA:58,0
DA:59,0
DA:60,0
DA:62,0
DA:67,0
DA:73,0
DA:74,0
DA:77,0
DA:78,0
DA:79,0
DA:82,0
DA:85,0
DA:86,0
DA:87,0
DA:88,0
DA:90,0
DA:98,0
DA:104,0
DA:105,0
DA:108,0
DA:109,0
DA:110,0
DA:113,0
DA:116,0
DA:117,0
DA:118,0
DA:119,0
DA:122,0
DA:124,0
DA:130,0
DA:137,0
DA:143,0
DA:144,0
DA:147,0
DA:150,0
DA:153,0
DA:154,0
DA:155,0
DA:156,0
DA:159,0
DA:160,0
DA:162,0
DA:163,0
DA:165,0
DA:166,0
DA:168,0
DA:169,0
DA:171,0
DA:172,0
DA:175,0
DA:191,0
DA:197,0
DA:198,0
DA:200,0
DA:203,0
DA:205,0
DA:207,0
DA:210,0
DA:212,0
DA:213,0
DA:214,0
DA:218,0
DA:219,0
DA:220,0
DA:221,0
DA:224,0
DA:226,0
DA:238,0
DA:247,0
DA:251,0
DA:252,0
DA:253,0
DA:254,0
DA:255,0
DA:256,0
DA:257,0
DA:264,0
DA:266,0
DA:268,0
DA:270,0
DA:272,0
DA:274,0
DA:276,0
DA:283,0
DA:284,0
DA:285,0
DA:288,0
DA:289,0
DA:290,0
DA:294,0
DA:295,0
DA:296,0
DA:299,0
DA:300,0
DA:301,0
DA:305,0
DA:306,0
DA:307,0
DA:308,0
DA:309,0
DA:312,0
DA:313,0
DA:314,0
DA:315,0
DA:316,0
DA:320,0
DA:321,0
DA:322,0
DA:329,0
DA:330,0
DA:334,0
DA:339,0
DA:340,0
DA:341,0
DA:342,0
DA:343,0
DA:348,0
DA:349,0
DA:354,0
DA:357,0
DA:365,0
DA:366,0
DA:367,0
DA:369,0
DA:370,0
DA:375,0
DA:376,0
DA:377,0
DA:379,0
DA:381,0
DA:383,0
DA:387,0
DA:389,0
DA:390,0
DA:393,0
DA:412,0
LF:156
LH:0
BRDA:41,0,0,0
BRDA:41,0,1,0
BRDA:59,1,0,0
BRDA:59,1,1,0
BRDA:64,2,0,0
BRDA:64,2,1,0
BRDA:94,3,0,0
BRDA:94,3,1,0
BRDA:109,4,0,0
BRDA:109,4,1,0
BRDA:133,5,0,0
BRDA:133,5,1,0
BRDA:160,6,0,0
BRDA:160,6,1,0
BRDA:160,6,2,0
BRDA:160,6,3,0
BRDA:181,7,0,0
BRDA:181,7,1,0
BRDA:200,8,0,0
BRDA:200,8,1,0
BRDA:205,9,0,0
BRDA:205,9,1,0
BRDA:205,9,2,0
BRDA:212,10,0,0
BRDA:212,10,1,0
BRDA:235,11,0,0
BRDA:235,11,1,0
BRDA:264,12,0,0
BRDA:264,12,1,0
BRDA:264,12,2,0
BRDA:264,12,3,0
BRDA:264,12,4,0
BRDA:264,12,5,0
BRDA:329,13,0,0
BRDA:329,13,1,0
BRDA:340,14,0,0
BRDA:340,14,1,0
BRDA:342,15,0,0
BRDA:342,15,1,0
BRDA:348,16,0,0
BRDA:348,16,1,0
BRDA:348,17,0,0
BRDA:348,17,1,0
BRDA:369,18,0,0
BRDA:369,18,1,0
BRDA:377,19,0,0
BRDA:377,19,1,0
BRDA:379,20,0,0
BRDA:379,20,1,0
BRF:49
BRH:0
end_of_record
TN:
SF:modulos\api.js
FN:7,cargarDatos
FN:18,(anonymous_1)
FN:101,(anonymous_2)
FN:126,inicializarDatos
FN:132,obtenerDatos
FN:140,guardarDatos
FN:141,(anonymous_6)
FN:142,(anonymous_7)
FN:150,obtenerClientes
FN:155,obtenerMesas
FN:160,obtenerMenu
FN:165,obtenerPedidos
FN:170,obtenerFacturas
FN:175,obtenerEstadisticas
FN:181,actualizarClientes
FN:188,actualizarMesas
FN:195,actualizarPedidos
FN:202,actualizarFacturas
FN:209,actualizarEstadisticas
FNF:19
FNH:0
FNDA:0,cargarDatos
FNDA:0,(anonymous_1)
FNDA:0,(anonymous_2)
FNDA:0,inicializarDatos
FNDA:0,obtenerDatos
FNDA:0,guardarDatos
FNDA:0,(anonymous_6)
FNDA:0,(anonymous_7)
FNDA:0,obtenerClientes
FNDA:0,obtenerMesas
FNDA:0,obtenerMenu
FNDA:0,obtenerPedidos
FNDA:0,obtenerFacturas
FNDA:0,obtenerEstadisticas
FNDA:0,actualizarClientes
FNDA:0,actualizarMesas
FNDA:0,actualizarPedidos
FNDA:0,actualizarFacturas
FNDA:0,actualizarEstadisticas
DA:8,0
DA:11,0
DA:12,0
DA:13,0
DA:16,0
DA:18,0
DA:97,0
DA:99,0
DA:101,0
DA:123,0
DA:127,0
DA:128,0
DA:133,0
DA:134,0
DA:136,0
DA:141,0
DA:142,0
DA:143,0
DA:144,0
DA:151,0
DA:152,0
DA:156,0
DA:157,0
DA:161,0
DA:162,0
DA:166,0
DA:167,0
DA:171,0
DA:172,0
DA:176,0
DA:177,0
DA:182,0
DA:183,0
DA:184,0
DA:185,0
DA:189,0
DA:190,0
DA:191,0
DA:192,0
DA:196,0
DA:197,0
DA:198,0
DA:199,0
DA:203,0
DA:204,0
DA:205,0
DA:206,0
DA:210,0
DA:211,0
DA:212,0
DA:213,0
DA:235,0
DA:253,0
LF:53
LH:0
BRDA:12,0,0,0
BRDA:12,0,1,0
BRDA:12,1,0,0
BRDA:12,1,1,0
BRDA:20,2,0,0
BRDA:20,2,1,0
BRDA:20,3,0,0
BRDA:20,3,1,0
BRDA:133,4,0,0
BRDA:133,4,1,0
BRF:10
BRH:0
end_of_record
TN:
SF:modulos\clientes.js
FN:7,generarClienteId
FN:12,crearCliente
FN:41,obtenerClientePorId
FN:43,(anonymous_3)
FN:47,actualizarCliente
FN:49,(anonymous_5)
FN:66,eliminarCliente
FN:68,(anonymous_7)
FN:79,agregarClienteACola
FN:86,(anonymous_9)
FN:103,atenderSiguienteCliente
FN:108,(anonymous_11)
FN:109,(anonymous_12)
FN:120,(anonymous_13)
FNF:14
FNH:0
FNDA:0,generarClienteId
FNDA:0,crearCliente
FNDA:0,obtenerClientePorId
FNDA:0,(anonymous_3)
FNDA:0,actualizarCliente
FNDA:0,(anonymous_5)
FNDA:0,eliminarCliente
FNDA:0,(anonymous_7)
FNDA:0,agregarClienteACola
FNDA:0,(anonymous_9)
FNDA:0,atenderSiguienteCliente
FNDA:0,(anonymous_11)
FNDA:0,(anonymous_12)
FNDA:0,(anonymous_13)
DA:8,0
DA:14,0
DA:15,0
DA:18,0
DA:19,0
DA:23,0
DA:33,0
DA:34,0
DA:35,0
DA:37,0
DA:42,0
DA:43,0
DA:48,0
DA:49,0
DA:51,0
DA:52,0
DA:56,0
DA:61,0
DA:62,0
DA:67,0
DA:68,0
DA:70,0
DA:71,0
DA:74,0
DA:75,0
DA:82,0
DA:83,0
DA:85,0
DA:86,0
DA:88,0
DA:89,0
DA:91,0
DA:94,0
DA:97,0
DA:99,0
DA:104,0
DA:107,0
DA:108,0
DA:109,0
DA:111,0
DA:112,0
DA:115,0
DA:116,0
DA:117,0
DA:120,0
DA:121,0
DA:122,0
DA:125,0
DA:127,0
DA:142,0
LF:50
LH:0
BRDA:12,0,0,0
BRDA:14,1,0,0
BRDA:14,1,1,0
BRDA:14,2,0,0
BRDA:14,2,1,0
BRDA:18,3,0,0
BRDA:18,3,1,0
BRDA:18,4,0,0
BRDA:18,4,1,0
BRDA:27,5,0,0
BRDA:27,5,1,0
BRDA:51,6,0,0
BRDA:51,6,1,0
BRDA:70,7,0,0
BRDA:70,7,1,0
BRDA:88,8,0,0
BRDA:88,8,1,0
BRDA:111,9,0,0
BRDA:111,9,1,0
BRF:19
BRH:0
end_of_record
TN:
SF:modulos\facturacion.js
FN:7,generarFacturaId
FN:12,generarFactura
FN:48,obtenerFacturaPorId
FN:50,(anonymous_3)
FN:54,obtenerFacturasPorCliente
FN:56,(anonymous_5)
FN:60,marcarFacturaPagada
FN:62,(anonymous_7)
FN:81,obtenerFacturasPorEstado
FN:83,(anonymous_9)
FN:87,formatearTotal
FNF:11
FNH:0
FNDA:0,generarFacturaId
FNDA:0,generarFactura
FNDA:0,obtenerFacturaPorId
FNDA:0,(anonymous_3)
FNDA:0,obtenerFacturasPorCliente
FNDA:0,(anonymous_5)
FNDA:0,marcarFacturaPagada
FNDA:0,(anonymous_7)
FNDA:0,obtenerFacturasPorEstado
FNDA:0,(anonymous_9)
FNDA:0,formatearTotal
DA:8,0
DA:14,0
DA:15,0
DA:19,0
DA:22,0
DA:37,0
DA:38,0
DA:39,0
DA:42,0
DA:44,0
DA:49,0
DA:50,0
DA:55,0
DA:56,0
DA:61,0
DA:62,0
DA:64,0
DA:65,0
DA:69,0
DA:70,0
DA:72,0
DA:75,0
DA:77,0
DA:82,0
DA:83,0
DA:88,0
DA:102,0
LF:27
LH:0
BRDA:14,0,0,0
BRDA:14,0,1,0
BRDA:27,1,0,0
BRDA:27,1,1,0
BRDA:29,2,0,0
BRDA:29,2,1,0
BRDA:64,3,0,0
BRDA:64,3,1,0
BRF:8
BRH:0
end_of_record
TN:
SF:modulos\mesas.js
FN:9,obtenerMesas
FN:14,obtenerMesasDisponibles
FN:16,(anonymous_2)
FN:20,asignarMesa
FN:32,(anonymous_4)
FN:46,liberarMesa
FN:48,(anonymous_6)
FN:71,obtenerMesaPorId
FN:73,(anonymous_8)
FN:77,calcularTiempoOcupacion
FNF:10
FNH:0
FNDA:0,obtenerMesas
FNDA:0,obtenerMesasDisponibles
FNDA:0,(anonymous_2)
FNDA:0,asignarMesa
FNDA:0,(anonymous_4)
FNDA:0,liberarMesa
FNDA:0,(anonymous_6)
FNDA:0,obtenerMesaPorId
FNDA:0,(anonymous_8)
FNDA:0,calcularTiempoOcupacion
DA:10,0
DA:15,0
DA:16,0
DA:21,0
DA:23,0
DA:24,0
DA:28,0
DA:31,0
DA:32,0
DA:34,0
DA:35,0
DA:37,0
DA:40,0
DA:42,0
DA:47,0
DA:48,0
DA:50,0
DA:51,0
DA:54,0
DA:55,0
DA:59,0
DA:60,0
DA:62,0
DA:65,0
DA:67,0
DA:72,0
DA:73,0
DA:78,0
DA:79,0
DA:82,0
DA:83,0
DA:86,0
DA:93,0
LF:33
LH:0
BRDA:23,0,0,0
BRDA:23,0,1,0
BRDA:50,1,0,0
BRDA:50,1,1,0
BRDA:54,2,0,0
BRDA:54,2,1,0
BRDA:78,3,0,0
BRDA:78,3,1,0
BRDA:78,4,0,0
BRDA:78,4,1,0
BRF:10
BRH:0
end_of_record
TN:
SF:modulos\tiempo.js
FN:8,calcularTiempoPreparacion
FN:18,(anonymous_1)
FN:36,calcularTiempoEntrega
FN:59,simularProgresoPreparacion
FN:65,(anonymous_4)
FN:85,(anonymous_5)
FN:90,formatearTiempoRestante
FNF:7
FNH:0
FNDA:0,calcularTiempoPreparacion
FNDA:0,(anonymous_1)
FNDA:0,calcularTiempoEntrega
FNDA:0,simularProgresoPreparacion
FNDA:0,(anonymous_4)
FNDA:0,(anonymous_5)
FNDA:0,formatearTiempoRestante
DA:10,0
DA:13,0
DA:16,0
DA:17,0
DA:18,0
DA:19,0
DA:22,0
DA:23,0
DA:28,0
DA:30,0
DA:32,0
DA:37,0
DA:40,0
DA:41,0
DA:43,0
DA:44,0
DA:46,0
DA:50,0
DA:53,0
DA:55,0
DA:61,0
DA:62,0
DA:63,0
DA:65,0
DA:66,0
DA:69,0
DA:71,0
DA:72,0
DA:75,0
DA:76,0
DA:77,0
DA:78,0
DA:84,0
DA:85,0
DA:91,0
DA:92,0
DA:93,0
DA:95,0
DA:96,0
DA:99,0
DA:100,0
DA:112,0
LF:42
LH:0
BRDA:19,0,0,0
BRDA:19,0,1,0
BRDA:41,1,0,0
BRDA:41,1,1,0
BRDA:71,2,0,0
BRDA:71,2,1,0
BRDA:75,3,0,0
BRDA:75,3,1,0
BRDA:77,4,0,0
BRDA:77,4,1,0
BRDA:95,5,0,0
BRDA:95,5,1,0
BRF:12
BRH:0
end_of_record
