TN:
SF:modulos\activos.js
FN:16,inicializarDashboard
FN:26,actualizarEstadisticasDashboard
FN:34,(anonymous_2)
FN:37,(anonymous_3)
FN:41,(anonymous_4)
FN:49,renderizarMesas
FN:57,(anonymous_6)
FN:72,renderizarColaClientes
FN:78,(anonymous_8)
FN:79,(anonymous_9)
FN:85,(anonymous_10)
FN:103,renderizarPedidosCocina
FN:109,(anonymous_12)
FN:110,(anonymous_13)
FN:116,(anonymous_14)
FN:130,(anonymous_15)
FN:142,renderizarPedidosRecientes
FN:147,(anonymous_17)
FN:153,(anonymous_18)
FN:196,renderizarPedidosDomicilio
FN:205,(anonymous_20)
FN:207,(anonymous_21)
FN:218,(anonymous_22)
FN:238,(anonymous_23)
FN:251,(anonymous_24)
FN:252,(anonymous_25)
FN:263,traducirEstado
FN:281,configurarEventListeners
FN:283,(anonymous_28)
FN:288,(anonymous_29)
FN:294,(anonymous_30)
FN:299,(anonymous_31)
FN:305,(anonymous_32)
FN:312,(anonymous_33)
FN:320,(anonymous_34)
FN:327,simularProgresoPedido
FN:337,(anonymous_36)
FN:352,(anonymous_37)
FN:363,iniciarSimulacionAutomatica
FN:365,(anonymous_39)
FN:367,(anonymous_40)
FN:375,(anonymous_41)
FN:377,(anonymous_42)
FN:381,(anonymous_43)
FN:388,(anonymous_44)
FN:393,(anonymous_45)
FNF:46
FNH:0
FNDA:0,inicializarDashboard
FNDA:0,actualizarEstadisticasDashboard
FNDA:0,(anonymous_2)
FNDA:0,(anonymous_3)
FNDA:0,(anonymous_4)
FNDA:0,renderizarMesas
FNDA:0,(anonymous_6)
FNDA:0,renderizarColaClientes
FNDA:0,(anonymous_8)
FNDA:0,(anonymous_9)
FNDA:0,(anonymous_10)
FNDA:0,renderizarPedidosCocina
FNDA:0,(anonymous_12)
FNDA:0,(anonymous_13)
FNDA:0,(anonymous_14)
FNDA:0,(anonymous_15)
FNDA:0,renderizarPedidosRecientes
FNDA:0,(anonymous_17)
FNDA:0,(anonymous_18)
FNDA:0,renderizarPedidosDomicilio
FNDA:0,(anonymous_20)
FNDA:0,(anonymous_21)
FNDA:0,(anonymous_22)
FNDA:0,(anonymous_23)
FNDA:0,(anonymous_24)
FNDA:0,(anonymous_25)
FNDA:0,traducirEstado
FNDA:0,configurarEventListeners
FNDA:0,(anonymous_28)
FNDA:0,(anonymous_29)
FNDA:0,(anonymous_30)
FNDA:0,(anonymous_31)
FNDA:0,(anonymous_32)
FNDA:0,(anonymous_33)
FNDA:0,(anonymous_34)
FNDA:0,simularProgresoPedido
FNDA:0,(anonymous_36)
FNDA:0,(anonymous_37)
FNDA:0,iniciarSimulacionAutomatica
FNDA:0,(anonymous_39)
FNDA:0,(anonymous_40)
FNDA:0,(anonymous_41)
FNDA:0,(anonymous_42)
FNDA:0,(anonymous_43)
FNDA:0,(anonymous_44)
FNDA:0,(anonymous_45)
DA:13,0
DA:18,0
DA:19,0
DA:22,0
DA:28,0
DA:29,0
DA:30,0
DA:31,0
DA:34,0
DA:35,0
DA:37,0
DA:38,0
DA:40,0
DA:41,0
DA:43,0
DA:45,0
DA:50,0
DA:51,0
DA:54,0
DA:57,0
DA:58,0
DA:59,0
DA:60,0
DA:62,0
DA:67,0
DA:73,0
DA:74,0
DA:77,0
DA:78,0
DA:79,0
DA:82,0
DA:85,0
DA:86,0
DA:87,0
DA:88,0
DA:90,0
DA:98,0
DA:104,0
DA:105,0
DA:108,0
DA:109,0
DA:110,0
DA:113,0
DA:116,0
DA:117,0
DA:118,0
DA:119,0
DA:122,0
DA:124,0
DA:130,0
DA:137,0
DA:143,0
DA:144,0
DA:147,0
DA:150,0
DA:153,0
DA:154,0
DA:155,0
DA:156,0
DA:159,0
DA:160,0
DA:162,0
DA:163,0
DA:165,0
DA:166,0
DA:168,0
DA:169,0
DA:171,0
DA:172,0
DA:175,0
DA:191,0
DA:197,0
DA:198,0
DA:200,0
DA:203,0
DA:205,0
DA:207,0
DA:210,0
DA:212,0
DA:213,0
DA:214,0
DA:218,0
DA:219,0
DA:220,0
DA:221,0
DA:224,0
DA:226,0
DA:238,0
DA:247,0
DA:251,0
DA:252,0
DA:253,0
DA:254,0
DA:255,0
DA:256,0
DA:257,0
DA:264,0
DA:266,0
DA:268,0
DA:270,0
DA:272,0
DA:274,0
DA:276,0
DA:283,0
DA:284,0
DA:285,0
DA:288,0
DA:289,0
DA:290,0
DA:294,0
DA:295,0
DA:296,0
DA:299,0
DA:300,0
DA:301,0
DA:305,0
DA:306,0
DA:307,0
DA:308,0
DA:309,0
DA:312,0
DA:313,0
DA:314,0
DA:315,0
DA:316,0
DA:320,0
DA:321,0
DA:322,0
DA:329,0
DA:330,0
DA:334,0
DA:339,0
DA:340,0
DA:341,0
DA:342,0
DA:343,0
DA:348,0
DA:349,0
DA:354,0
DA:357,0
DA:365,0
DA:366,0
DA:367,0
DA:369,0
DA:370,0
DA:375,0
DA:376,0
DA:377,0
DA:379,0
DA:381,0
DA:383,0
DA:387,0
DA:389,0
DA:390,0
DA:393,0
DA:412,0
LF:156
LH:0
BRDA:41,0,0,0
BRDA:41,0,1,0
BRDA:59,1,0,0
BRDA:59,1,1,0
BRDA:64,2,0,0
BRDA:64,2,1,0
BRDA:94,3,0,0
BRDA:94,3,1,0
BRDA:109,4,0,0
BRDA:109,4,1,0
BRDA:133,5,0,0
BRDA:133,5,1,0
BRDA:160,6,0,0
BRDA:160,6,1,0
BRDA:160,6,2,0
BRDA:160,6,3,0
BRDA:181,7,0,0
BRDA:181,7,1,0
BRDA:200,8,0,0
BRDA:200,8,1,0
BRDA:205,9,0,0
BRDA:205,9,1,0
BRDA:205,9,2,0
BRDA:212,10,0,0
BRDA:212,10,1,0
BRDA:235,11,0,0
BRDA:235,11,1,0
BRDA:264,12,0,0
BRDA:264,12,1,0
BRDA:264,12,2,0
BRDA:264,12,3,0
BRDA:264,12,4,0
BRDA:264,12,5,0
BRDA:329,13,0,0
BRDA:329,13,1,0
BRDA:340,14,0,0
BRDA:340,14,1,0
BRDA:342,15,0,0
BRDA:342,15,1,0
BRDA:348,16,0,0
BRDA:348,16,1,0
BRDA:348,17,0,0
BRDA:348,17,1,0
BRDA:369,18,0,0
BRDA:369,18,1,0
BRDA:377,19,0,0
BRDA:377,19,1,0
BRDA:379,20,0,0
BRDA:379,20,1,0
BRF:49
BRH:0
end_of_record
TN:
SF:modulos\api.js
FN:7,cargarDatos
FN:18,(anonymous_1)
FN:101,(anonymous_2)
FN:126,inicializarDatos
FN:132,obtenerDatos
FN:140,guardarDatos
FN:141,(anonymous_6)
FN:142,(anonymous_7)
FN:150,obtenerClientes
FN:155,obtenerMesas
FN:160,obtenerMenu
FN:165,obtenerPedidos
FN:170,obtenerFacturas
FN:175,obtenerEstadisticas
FN:181,actualizarClientes
FN:188,actualizarMesas
FN:195,actualizarPedidos
FN:202,actualizarFacturas
FN:209,actualizarEstadisticas
FNF:19
FNH:12
FNDA:4,cargarDatos
FNDA:32,(anonymous_1)
FNDA:0,(anonymous_2)
FNDA:4,inicializarDatos
FNDA:10,obtenerDatos
FNDA:4,guardarDatos
FNDA:4,(anonymous_6)
FNDA:4,(anonymous_7)
FNDA:0,obtenerClientes
FNDA:3,obtenerMesas
FNDA:0,obtenerMenu
FNDA:2,obtenerPedidos
FNDA:0,obtenerFacturas
FNDA:0,obtenerEstadisticas
FNDA:0,actualizarClientes
FNDA:2,actualizarMesas
FNDA:1,actualizarPedidos
FNDA:1,actualizarFacturas
FNDA:0,actualizarEstadisticas
DA:8,4
DA:11,4
DA:12,4
DA:13,0
DA:16,4
DA:18,32
DA:97,0
DA:99,0
DA:101,0
DA:123,3
DA:127,4
DA:128,4
DA:133,10
DA:134,1
DA:136,10
DA:141,4
DA:142,4
DA:143,4
DA:144,4
DA:151,0
DA:152,0
DA:156,3
DA:157,3
DA:161,0
DA:162,0
DA:166,2
DA:167,2
DA:171,0
DA:172,0
DA:176,0
DA:177,0
DA:182,0
DA:183,0
DA:184,0
DA:185,0
DA:189,2
DA:190,2
DA:191,2
DA:192,2
DA:196,1
DA:197,1
DA:198,1
DA:199,1
DA:203,1
DA:204,1
DA:205,1
DA:206,1
DA:210,0
DA:211,0
DA:212,0
DA:213,0
DA:235,3
DA:253,3
LF:53
LH:33
BRDA:12,0,0,0
BRDA:12,0,1,4
BRDA:12,1,0,4
BRDA:12,1,1,0
BRDA:20,2,0,16
BRDA:20,2,1,16
BRDA:20,3,0,4
BRDA:20,3,1,12
BRDA:133,4,0,1
BRDA:133,4,1,9
BRF:10
BRH:8
end_of_record
TN:
SF:modulos\clientes.js
FN:7,generarClienteId
FN:12,crearCliente
FN:41,obtenerClientePorId
FN:43,(anonymous_3)
FN:47,actualizarCliente
FN:49,(anonymous_5)
FN:66,eliminarCliente
FN:68,(anonymous_7)
FN:79,agregarClienteACola
FN:86,(anonymous_9)
FN:103,atenderSiguienteCliente
FN:108,(anonymous_11)
FN:109,(anonymous_12)
FN:120,(anonymous_13)
FNF:14
FNH:2
FNDA:1,generarClienteId
FNDA:2,crearCliente
FNDA:0,obtenerClientePorId
FNDA:0,(anonymous_3)
FNDA:0,actualizarCliente
FNDA:0,(anonymous_5)
FNDA:0,eliminarCliente
FNDA:0,(anonymous_7)
FNDA:0,agregarClienteACola
FNDA:0,(anonymous_9)
FNDA:0,atenderSiguienteCliente
FNDA:0,(anonymous_11)
FNDA:0,(anonymous_12)
FNDA:0,(anonymous_13)
DA:8,1
DA:14,2
DA:15,0
DA:18,2
DA:19,1
DA:23,1
DA:33,1
DA:34,0
DA:35,0
DA:37,0
DA:42,0
DA:43,0
DA:48,0
DA:49,0
DA:51,0
DA:52,0
DA:56,0
DA:61,0
DA:62,0
DA:67,0
DA:68,0
DA:70,0
DA:71,0
DA:74,0
DA:75,0
DA:82,0
DA:83,0
DA:85,0
DA:86,0
DA:88,0
DA:89,0
DA:91,0
DA:94,0
DA:97,0
DA:99,0
DA:104,0
DA:107,0
DA:108,0
DA:109,0
DA:111,0
DA:112,0
DA:115,0
DA:116,0
DA:117,0
DA:120,0
DA:121,0
DA:122,0
DA:125,0
DA:127,0
DA:142,1
LF:50
LH:7
BRDA:12,0,0,2
BRDA:14,1,0,0
BRDA:14,1,1,2
BRDA:14,2,0,2
BRDA:14,2,1,2
BRDA:18,3,0,1
BRDA:18,3,1,1
BRDA:18,4,0,2
BRDA:18,4,1,1
BRDA:27,5,0,0
BRDA:27,5,1,1
BRDA:51,6,0,0
BRDA:51,6,1,0
BRDA:70,7,0,0
BRDA:70,7,1,0
BRDA:88,8,0,0
BRDA:88,8,1,0
BRDA:111,9,0,0
BRDA:111,9,1,0
BRF:19
BRH:9
end_of_record
TN:
SF:modulos\facturacion.js
FN:7,generarFacturaId
FN:12,generarFactura
FN:48,obtenerFacturaPorId
FN:50,(anonymous_3)
FN:54,obtenerFacturasPorCliente
FN:56,(anonymous_5)
FN:60,marcarFacturaPagada
FN:62,(anonymous_7)
FN:81,obtenerFacturasPorEstado
FN:83,(anonymous_9)
FN:87,formatearTotal
FNF:11
FNH:1
FNDA:0,generarFacturaId
FNDA:1,generarFactura
FNDA:0,obtenerFacturaPorId
FNDA:0,(anonymous_3)
FNDA:0,obtenerFacturasPorCliente
FNDA:0,(anonymous_5)
FNDA:0,marcarFacturaPagada
FNDA:0,(anonymous_7)
FNDA:0,obtenerFacturasPorEstado
FNDA:0,(anonymous_9)
FNDA:0,formatearTotal
DA:8,0
DA:14,1
DA:15,0
DA:19,1
DA:22,0
DA:37,0
DA:38,0
DA:39,0
DA:42,0
DA:44,0
DA:49,0
DA:50,0
DA:55,0
DA:56,0
DA:61,0
DA:62,0
DA:64,0
DA:65,0
DA:69,0
DA:70,0
DA:72,0
DA:75,0
DA:77,0
DA:82,0
DA:83,0
DA:88,0
DA:102,1
LF:27
LH:3
BRDA:14,0,0,0
BRDA:14,0,1,1
BRDA:27,1,0,0
BRDA:27,1,1,0
BRDA:29,2,0,0
BRDA:29,2,1,0
BRDA:64,3,0,0
BRDA:64,3,1,0
BRF:8
BRH:1
end_of_record
TN:
SF:modulos\mesas.js
FN:9,obtenerMesas
FN:14,obtenerMesasDisponibles
FN:16,(anonymous_2)
FN:20,asignarMesa
FN:32,(anonymous_4)
FN:46,liberarMesa
FN:48,(anonymous_6)
FN:71,obtenerMesaPorId
FN:73,(anonymous_8)
FN:77,calcularTiempoOcupacion
FNF:10
FNH:7
FNDA:3,obtenerMesas
FNDA:1,obtenerMesasDisponibles
FNDA:8,(anonymous_2)
FNDA:1,asignarMesa
FNDA:1,(anonymous_4)
FNDA:1,liberarMesa
FNDA:1,(anonymous_6)
FNDA:0,obtenerMesaPorId
FNDA:0,(anonymous_8)
FNDA:0,calcularTiempoOcupacion
DA:10,3
DA:15,1
DA:16,8
DA:21,1
DA:23,1
DA:24,0
DA:28,1
DA:31,1
DA:32,1
DA:34,1
DA:35,1
DA:37,1
DA:40,1
DA:42,1
DA:47,1
DA:48,1
DA:50,1
DA:51,0
DA:54,1
DA:55,0
DA:59,1
DA:60,1
DA:62,1
DA:65,1
DA:67,1
DA:72,0
DA:73,0
DA:78,0
DA:79,0
DA:82,0
DA:83,0
DA:86,0
DA:93,1
LF:33
LH:23
BRDA:23,0,0,0
BRDA:23,0,1,1
BRDA:50,1,0,0
BRDA:50,1,1,1
BRDA:54,2,0,0
BRDA:54,2,1,1
BRDA:78,3,0,0
BRDA:78,3,1,0
BRDA:78,4,0,0
BRDA:78,4,1,0
BRF:10
BRH:3
end_of_record
TN:
SF:modulos\pedidos.js
FN:13,generarPedidoId
FN:18,generarNumeroOrden
FN:22,(anonymous_2)
FN:29,crearPedido
FN:45,(anonymous_4)
FN:93,obtenerPedidoPorId
FN:95,(anonymous_6)
FN:99,actualizarEstadoPedido
FN:101,(anonymous_8)
FN:138,cancelarPedido
FN:160,iniciarPreparacion
FN:165,marcarPedidoListo
FN:170,marcarPedidoEntregado
FN:180,obtenerPedidosPorEstado
FN:182,(anonymous_14)
FNF:15
FNH:0
FNDA:0,generarPedidoId
FNDA:0,generarNumeroOrden
FNDA:0,(anonymous_2)
FNDA:0,crearPedido
FNDA:0,(anonymous_4)
FNDA:0,obtenerPedidoPorId
FNDA:0,(anonymous_6)
FNDA:0,actualizarEstadoPedido
FNDA:0,(anonymous_8)
FNDA:0,cancelarPedido
FNDA:0,iniciarPreparacion
FNDA:0,marcarPedidoListo
FNDA:0,marcarPedidoEntregado
FNDA:0,obtenerPedidosPorEstado
FNDA:0,(anonymous_14)
DA:14,0
DA:19,0
DA:21,0
DA:22,0
DA:25,0
DA:31,0
DA:32,0
DA:36,0
DA:37,0
DA:38,0
DA:42,0
DA:45,0
DA:48,0
DA:65,0
DA:66,0
DA:67,0
DA:68,0
DA:70,0
DA:75,0
DA:78,0
DA:79,0
DA:80,0
DA:83,0
DA:84,0
DA:87,0
DA:89,0
DA:94,0
DA:95,0
DA:100,0
DA:101,0
DA:103,0
DA:104,0
DA:108,0
DA:111,0
DA:112,0
DA:115,0
DA:116,0
DA:117,0
DA:118,0
DA:121,0
DA:124,0
DA:134,0
DA:139,0
DA:141,0
DA:142,0
DA:146,0
DA:147,0
DA:151,0
DA:152,0
DA:156,0
DA:161,0
DA:166,0
DA:171,0
DA:174,0
DA:176,0
DA:181,0
DA:182,0
DA:198,0
LF:58
LH:0
BRDA:21,0,0,0
BRDA:21,0,1,0
BRDA:22,1,0,0
BRDA:22,1,1,0
BRDA:31,2,0,0
BRDA:31,2,1,0
BRDA:31,3,0,0
BRDA:31,3,1,0
BRDA:31,3,2,0
BRDA:37,4,0,0
BRDA:37,4,1,0
BRDA:53,5,0,0
BRDA:53,5,1,0
BRDA:61,6,0,0
BRDA:61,6,1,0
BRDA:65,7,0,0
BRDA:65,7,1,0
BRDA:67,8,0,0
BRDA:67,8,1,0
BRDA:103,9,0,0
BRDA:103,9,1,0
BRDA:111,10,0,0
BRDA:111,10,1,0
BRDA:111,11,0,0
BRDA:111,11,1,0
BRDA:111,11,2,0
BRDA:141,12,0,0
BRDA:141,12,1,0
BRDA:146,13,0,0
BRDA:146,13,1,0
BRDA:146,14,0,0
BRDA:146,14,1,0
BRDA:151,15,0,0
BRDA:151,15,1,0
BRDA:151,16,0,0
BRDA:151,16,1,0
BRF:36
BRH:0
end_of_record
TN:
SF:modulos\tiempo.js
FN:8,calcularTiempoPreparacion
FN:18,(anonymous_1)
FN:36,calcularTiempoEntrega
FN:59,simularProgresoPreparacion
FN:65,(anonymous_4)
FN:85,(anonymous_5)
FN:90,formatearTiempoRestante
FNF:7
FNH:1
FNDA:2,calcularTiempoPreparacion
FNDA:0,(anonymous_1)
FNDA:0,calcularTiempoEntrega
FNDA:0,simularProgresoPreparacion
FNDA:0,(anonymous_4)
FNDA:0,(anonymous_5)
FNDA:0,formatearTiempoRestante
DA:10,2
DA:13,0
DA:16,0
DA:17,0
DA:18,0
DA:19,0
DA:22,0
DA:23,0
DA:28,0
DA:30,0
DA:32,0
DA:37,0
DA:40,0
DA:41,0
DA:43,0
DA:44,0
DA:46,0
DA:50,0
DA:53,0
DA:55,0
DA:61,0
DA:62,0
DA:63,0
DA:65,0
DA:66,0
DA:69,0
DA:71,0
DA:72,0
DA:75,0
DA:76,0
DA:77,0
DA:78,0
DA:84,0
DA:85,0
DA:91,0
DA:92,0
DA:93,0
DA:95,0
DA:96,0
DA:99,0
DA:100,0
DA:112,1
LF:42
LH:2
BRDA:19,0,0,0
BRDA:19,0,1,0
BRDA:41,1,0,0
BRDA:41,1,1,0
BRDA:71,2,0,0
BRDA:71,2,1,0
BRDA:75,3,0,0
BRDA:75,3,1,0
BRDA:77,4,0,0
BRDA:77,4,1,0
BRDA:95,5,0,0
BRDA:95,5,1,0
BRF:12
BRH:0
end_of_record
TN:
SF:modulos\ui-integration.js
FN:16,inicializarUI
FN:31,cargarDatosIniciales
FN:45,actualizarEstadoBotones
FN:67,configurarEventListeners
FN:78,(anonymous_4)
FN:79,(anonymous_5)
FN:85,(anonymous_6)
FN:92,(anonymous_7)
FN:93,(anonymous_8)
FN:95,(anonymous_9)
FN:112,(anonymous_10)
FN:113,(anonymous_11)
FN:119,(anonymous_12)
FN:129,(anonymous_13)
FN:138,(anonymous_14)
FN:149,(anonymous_15)
FN:157,(anonymous_16)
FN:162,(anonymous_17)
FN:176,agregarClienteAleatorio
FN:235,atenderCliente
FN:239,(anonymous_20)
FN:257,mostrarModalPedido
FN:291,cargarItemsMenu
FN:299,(anonymous_23)
FN:313,(anonymous_24)
FN:326,toggleItemSeleccion
FN:378,actualizarTotalPedido
FN:382,(anonymous_27)
FN:392,confirmarPedido
FN:420,(anonymous_29)
FN:467,mostrarFactura
FN:487,(anonymous_31)
FN:513,mostrarDetallePedido
FN:520,(anonymous_33)
FN:545,iniciarSimulacion
FN:557,pausarSimulacion
FN:570,reiniciarSimulacion
FN:585,(anonymous_37)
FNF:38
FNH:0
FNDA:0,inicializarUI
FNDA:0,cargarDatosIniciales
FNDA:0,actualizarEstadoBotones
FNDA:0,configurarEventListeners
FNDA:0,(anonymous_4)
FNDA:0,(anonymous_5)
FNDA:0,(anonymous_6)
FNDA:0,(anonymous_7)
FNDA:0,(anonymous_8)
FNDA:0,(anonymous_9)
FNDA:0,(anonymous_10)
FNDA:0,(anonymous_11)
FNDA:0,(anonymous_12)
FNDA:0,(anonymous_13)
FNDA:0,(anonymous_14)
FNDA:0,(anonymous_15)
FNDA:0,(anonymous_16)
FNDA:0,(anonymous_17)
FNDA:0,agregarClienteAleatorio
FNDA:0,atenderCliente
FNDA:0,(anonymous_20)
FNDA:0,mostrarModalPedido
FNDA:0,cargarItemsMenu
FNDA:0,(anonymous_23)
FNDA:0,(anonymous_24)
FNDA:0,toggleItemSeleccion
FNDA:0,actualizarTotalPedido
FNDA:0,(anonymous_27)
FNDA:0,confirmarPedido
FNDA:0,(anonymous_29)
FNDA:0,mostrarFactura
FNDA:0,(anonymous_31)
FNDA:0,mostrarDetallePedido
FNDA:0,(anonymous_33)
FNDA:0,iniciarSimulacion
FNDA:0,pausarSimulacion
FNDA:0,reiniciarSimulacion
FNDA:0,(anonymous_37)
DA:13,0
DA:18,0
DA:21,0
DA:24,0
DA:27,0
DA:33,0
DA:36,0
DA:39,0
DA:40,0
DA:46,0
DA:47,0
DA:48,0
DA:50,0
DA:51,0
DA:52,0
DA:53,0
DA:54,0
DA:56,0
DA:57,0
DA:58,0
DA:59,0
DA:63,0
DA:69,0
DA:70,0
DA:71,0
DA:72,0
DA:75,0
DA:76,0
DA:78,0
DA:79,0
DA:80,0
DA:85,0
DA:86,0
DA:87,0
DA:91,0
DA:92,0
DA:93,0
DA:95,0
DA:98,0
DA:101,0
DA:106,0
DA:109,0
DA:110,0
DA:112,0
DA:113,0
DA:114,0
DA:119,0
DA:120,0
DA:121,0
DA:123,0
DA:124,0
DA:129,0
DA:130,0
DA:131,0
DA:132,0
DA:133,0
DA:138,0
DA:139,0
DA:140,0
DA:141,0
DA:142,0
DA:147,0
DA:148,0
DA:149,0
DA:150,0
DA:151,0
DA:152,0
DA:155,0
DA:156,0
DA:158,0
DA:159,0
DA:160,0
DA:163,0
DA:164,0
DA:168,0
DA:177,0
DA:179,0
DA:195,0
DA:211,0
DA:214,0
DA:217,0
DA:220,0
DA:223,0
DA:226,0
DA:227,0
DA:229,0
DA:230,0
DA:236,0
DA:238,0
DA:239,0
DA:241,0
DA:242,0
DA:246,0
DA:249,0
DA:251,0
DA:252,0
DA:258,0
DA:260,0
DA:262,0
DA:263,0
DA:265,0
DA:266,0
DA:268,0
DA:269,0
DA:273,0
DA:276,0
DA:277,0
DA:280,0
DA:283,0
DA:285,0
DA:286,0
DA:292,0
DA:293,0
DA:294,0
DA:296,0
DA:297,0
DA:299,0
DA:300,0
DA:301,0
DA:302,0
DA:303,0
DA:304,0
DA:306,0
DA:313,0
DA:314,0
DA:317,0
DA:320,0
DA:321,0
DA:328,0
DA:331,0
DA:333,0
DA:335,0
DA:336,0
DA:338,0
DA:340,0
DA:341,0
DA:342,0
DA:345,0
DA:346,0
DA:347,0
DA:350,0
DA:351,0
DA:352,0
DA:354,0
DA:361,0
DA:365,0
DA:366,0
DA:368,0
DA:369,0
DA:374,0
DA:379,0
DA:380,0
DA:382,0
DA:383,0
DA:384,0
DA:385,0
DA:388,0
DA:393,0
DA:395,0
DA:396,0
DA:397,0
DA:398,0
DA:401,0
DA:402,0
DA:403,0
DA:406,0
DA:407,0
DA:408,0
DA:412,0
DA:413,0
DA:414,0
DA:415,0
DA:419,0
DA:420,0
DA:421,0
DA:422,0
DA:423,0
DA:424,0
DA:426,0
DA:435,0
DA:442,0
DA:445,0
DA:448,0
DA:451,0
DA:452,0
DA:453,0
DA:454,0
DA:455,0
DA:458,0
DA:459,0
DA:461,0
DA:462,0
DA:468,0
DA:470,0
DA:471,0
DA:472,0
DA:473,0
DA:475,0
DA:476,0
DA:477,0
DA:478,0
DA:480,0
DA:484,0
DA:485,0
DA:487,0
DA:488,0
DA:489,0
DA:491,0
DA:498,0
DA:502,0
DA:505,0
DA:507,0
DA:508,0
DA:514,0
DA:515,0
DA:516,0
DA:519,0
DA:520,0
DA:522,0
DA:523,0
DA:526,0
DA:536,0
DA:539,0
DA:540,0
DA:546,0
DA:547,0
DA:550,0
DA:553,0
DA:558,0
DA:559,0
DA:562,0
DA:563,0
DA:566,0
DA:571,0
DA:573,0
DA:574,0
DA:575,0
DA:579,0
DA:582,0
DA:585,0
DA:586,0
DA:587,0
DA:591,0
DA:592,0
DA:595,0
DA:602,0
DA:605,0
DA:606,0
DA:607,0
DA:608,0
DA:609,0
DA:612,0
DA:614,0
DA:616,0
DA:617,0
DA:622,0
DA:635,0
LF:257
LH:0
BRDA:39,0,0,0
BRDA:39,0,1,0
BRDA:50,1,0,0
BRDA:50,1,1,0
BRDA:87,2,0,0
BRDA:87,2,1,0
BRDA:120,3,0,0
BRDA:120,3,1,0
BRDA:123,4,0,0
BRDA:123,4,1,0
BRDA:131,5,0,0
BRDA:131,5,1,0
BRDA:140,6,0,0
BRDA:140,6,1,0
BRDA:148,7,0,0
BRDA:148,7,1,0
BRDA:151,8,0,0
BRDA:151,8,1,0
BRDA:155,9,0,0
BRDA:155,9,1,0
BRDA:214,10,0,0
BRDA:214,10,1,0
BRDA:217,11,0,0
BRDA:217,11,1,0
BRDA:241,12,0,0
BRDA:241,12,1,0
BRDA:241,13,0,0
BRDA:241,13,1,0
BRDA:266,14,0,0
BRDA:266,14,1,0
BRDA:268,15,0,0
BRDA:268,15,1,0
BRDA:268,16,0,0
BRDA:268,16,1,0
BRDA:294,17,0,0
BRDA:294,17,1,0
BRDA:333,18,0,0
BRDA:333,18,1,0
BRDA:338,19,0,0
BRDA:338,19,1,0
BRDA:368,20,0,0
BRDA:368,20,1,0
BRDA:401,21,0,0
BRDA:401,21,1,0
BRDA:406,22,0,0
BRDA:406,22,1,0
BRDA:406,23,0,0
BRDA:406,23,1,0
BRDA:413,24,0,0
BRDA:413,24,1,0
BRDA:438,25,0,0
BRDA:438,25,1,0
BRDA:473,26,0,0
BRDA:473,26,1,0
BRDA:476,27,0,0
BRDA:476,27,1,0
BRDA:476,28,0,0
BRDA:476,28,1,0
BRDA:516,29,0,0
BRDA:516,29,1,0
BRDA:522,30,0,0
BRDA:522,30,1,0
BRDA:546,31,0,0
BRDA:546,31,1,0
BRDA:558,32,0,0
BRDA:558,32,1,0
BRDA:573,33,0,0
BRDA:573,33,1,0
BRF:68
BRH:0
end_of_record
